nohup: ignoring input
./temp/fl_acc_cifar100_resnet34_cons_frac0.2_iidFalse_iter500_ep5_lr0.03_N20_100_seed1_p1_dirichlet0.5_IF0.01_LossCE.txt
Files already downloaded and verified
[500, 477, 455, 434, 415, 396, 378, 361, 344, 328, 314, 299, 286, 273, 260, 248, 237, 226, 216, 206, 197, 188, 179, 171, 163, 156, 149, 142, 135, 129, 123, 118, 112, 107, 102, 98, 93, 89, 85, 81, 77, 74, 70, 67, 64, 61, 58, 56, 53, 51, 48, 46, 44, 42, 40, 38, 36, 35, 33, 32, 30, 29, 27, 26, 25, 24, 23, 22, 21, 20, 19, 18, 17, 16, 15, 15, 14, 13, 13, 12, 12, 11, 11, 10, 10, 9, 9, 8, 8, 7, 7, 7, 6, 6, 6, 6, 5, 5, 5, 5]
10847
Files already downloaded and verified
Into non-iid sampling
clients_sizes:[695, 323, 520, 321, 491, 656, 709, 550, 527, 854, 408, 561, 640, 505, 688, 537, 513, 496, 460, 393]
training set distribution:
[[ 22  24  15  61   0   4  20   0   0   0  84   4  36  64  34  40   0   0
    2   4  22  12  12  13  22   1   5   0  10   0   1  20   3  37   4   0
    2  18   5   3   0  13   3   0   1  10   3   2   0   0   0   7   8   5
    0   3   1   0   3   1   2   0   0   0   0   1   0   1   1   1   1   1
    1   2   0   0   0   4   0   1   2   1   1   0   3   0   1   0   1   1
    1   0   1   0   0   0   1   1   0   1]
 [ 15   3  15   4   0   0   2   3   0   0  10   0   0   1   4   7   7   1
    0  16  34  33   6  14   2   7   1   2   2  11  17   1   2   0   3   0
    0   6   0   5   0   6  10   0   0   7   3   6   0   2   1   1   1   3
    7   0   6   1   7   1   0   1   0   2   1   2   0   0   3   0   0   1
    0   3   0   0   5   0   2   1   0   0   0   0   1   0   0   0   1   0
    0   0   2   1   0   0   0   0   1   0]
 [  2   1  44  65  37  22  20   1   0   8   5   2   1  56   0   3   4   0
   24  30   0   1  21   2  21   2   5  16  19   0   0   6   0   5   4   0
    9   0   0   1  13   0   8   2   1   1   0   6   1   4   0   7   7   0
    0   0   2   0  17   0   0   0   1   0   0   0   0   0   0   1   0   0
    0   1   2   2   0   0   0   0   0   0   0   0   1   0   0   0   0   1
    2   2   0   0   0   0   1   0   0   0]
 [ 13   3   0  14   4  11   4  26   6  55   0  10   5   0   0  21   1   7
    1   9   0   0   0   1   0   2   0   0   4   0   7  21   8   6   3   4
    0  14   0   5   1   3   4   6   3   4   1   0   0   0   3   1   2   4
    1   0   0   0   0   2   1   0   2   1   4   1   0   0   5   0   0   0
    0   0   0   0   1   0   0   0   3   0   1   1   0   0   0   0   0   0
    0   0   0   1   0   0   0   0   0   0]
 [ 51   4  20   0  36   8  19  10   0   4   1  23   6  20  19  15  43   0
   18  13   1   8   5   1  55   0   0   5   6   7   3   1   1   1   3   2
   14   0   1   0   1   1   0   0   1   2   6   4   4   9   1   3   2   1
    0   5   1   1   0   0   3   0   0   0   0   0   4   5   0   1   2   0
    0   1   0   1   0   0   0   0   0   3   0   0   0   0   0   0   0   0
    1   1   2   0   0   0   1   0   0   0]
 [  7  11  64   0   5  66   5  43  66  47  28   8  26   0   0   1  43  11
   12  13  10   2   0   0   0   7   8   5   0  28   2   7   6  11   0   8
    6   0   3   1  12   6   0   2   0   2   9   0   2   0   2   0   1   2
    0   0   6   4   0   0   1  12   8   2   0   0   0   0   0   0   0   0
    0   4   2   5   0   1   1   1   3   0   0   0   1   0   0   0   2   0
    0   0   0   0   0   3   1   1   0   0]
 [  1  17   6   1  32 105  31   0  18   0  52  42   1   0   0   0  16   1
   14  31  17   1  21  57   2  62   5   4   6   8  13  12   2   0  15  31
    7   0   8   9   0   0   1   0  11   0   0   1   6   3   0   1   1   0
    5   3   2   0   0   0   0   6   0   0   0   0   0   1   0   6   1   0
    1   0   1   0   1   0   0   0   1   2   4   1   0   0   0   0   0   0
    0   0   1   0   0   0   0   0   0   1]
 [  2 147   9   2   0   3   9  14   5   2   2   1  11   1  28   6  13  33
    8   0  11  12   2   0   2  19   0  16   0  17   5   6   8   5   9   8
    2   6   2  14   0   6   5   8   1   0   0   0   2  18   1   6   2   0
   10   7   0   2   0  10   0   1   2   0   0   4   0   2   1   0   2   4
    0   0   0   1   0   1   0   0   1   1   0   2   1   1   1   1   0   1
    2   0   0   1   1   0   0   0   1   0]
 [ 84  78   2   3   3  11  24   1  14  14   5  14   6  27   4   1   0  14
    4   5  13  19   6   3   0   9  29  12   1   0  22   6   2   0   2   0
    8   2   3   5   1   4   2   2   3   4   2   6  13   1   2   0   4   0
    0   0   2   0   0   0   0   1   0   0   4   0   1   1   7   0   3   1
    0   0   1   1   1   1   0   0   0   0   0   0   0   0   1   0   0   0
    0   1   0   0   0   0   0   0   1   0]
 [175  20 164   6  94   9  31   8   7   3   0   2  50  11   6  22  46   9
   13   9   2   1   1   5   5  23   7  14   9   0   3  12   0  20   9   0
    0   0   0   0   0   3   1   0   3   0   5   3   0   0   0   1   2   0
    2   0   0   1   0   0   3   1   2   0   1   7   0   1   0   3   1   4
    3   0   0   1   0   4   0   2   0   0   0   2   0   0   0   1   0   1
    0   0   0   0   0   0   0   0   0   0]
 [ 43   1   3  17   3   0  56  12   3  15   0  29   2   4  15   2   1   0
    2  50   0   9   0   1  17  11  12   1   0   6   4   0   9   0   0   3
    1   1   5  11  14   0   1   0   2   1   0  10   2   3   0   0   0   0
    4   3   3   3   1   0   0   0   0   0   0   0   0   0   0   0   5   0
    1   0   1   0   0   0   1   0   0   0   0   3   0   0   0   0   1   0
    0   0   0   0   0   0   0   0   0   0]
 [  6  12   0   1   4  66  40   0   5   3   2   9   0   1  43  14   0  84
    2   1  32  16   7   4  11   0   8   2   3  32  17   6   3   2  16   0
    1   1  14   0  15   1   1   0  16   0   4   0   1   1   0   1   2  16
    1   0   0   5   1   4   0   0   0   2   0   0   0   0   0   3   2   0
    0   1   1   0   2   0   1   3   0   1   1   0   0   1   1   0   1   1
    0   0   0   0   0   0   0   1   0   2]
 [ 16   0   7  49  58   0   5  36 121  22  18  96   4   1   3  17   5   5
    2   2   7   9  20   0   2   0   1  15   0   2   2   2   3   0  11   7
    0   1   0   3   0  11   5   0   5  20   5   4   0   0   7   0   2   2
    0   0   2   1   0   1   6   0   7   0   0   0   3   0   0   0   0   2
    0   0   0   0   0   1   0   0   0   0   0   0   0   1   0   0   0   0
    0   0   0   0   0   2   0   1   0   0]
 [  4   8   0  34  24  10   3  31   3   0   0   1  91  38  52   0   1  13
   13   3   0  19   1   7   1   0   4   7   3   1   0   1   8   6   7   0
    2  17   1   0   1   1   2   1   1   2   2   3   1   1  12   7   7   0
    2   3   3   2   0   2  11   1   0   0   8   0   1   0   0   0   2   0
    5   0   0   0   1   0   3   0   1   1   1   0   0   0   2   0   0   0
    0   0   0   1   0   0   0   0   0   0]
 [  7   3  78  70  10  19  39  73   1  41   3  16   1   3  44   0  25  23
    3   3   0   5  46  10   3   0   4   0   0   0   7   0  18  11   0   4
   29   1   3   0   9   2  13  16   6   0   0   4   0   0   3   0   0   0
    2   0   0   0   0   0   0   1   0   8   0   0   1   0   1   0   0   0
    1   0   3   1   0   0   1   0   0   0   0   0   0   2   3   5   0   2
    0   0   0   0   0   0   0   0   0   1]
 [ 23   0   8  58   7   0  16   9  35  62  39   4   4   0   0   2   6   0
   11   0   4   6   1  22   9   7  19  17  12  17   9   1   0   0   0  18
   11   0   4   7   0   6   8   0   0   6   4   0   2   4   2   1   0   0
    1   6   4   5   1   0   0   0   1   5   0   0  13   9   2   0   0   0
    0   3   1   0   0   0   0   1   0   0   0   0   0   0   0   1   2   0
    0   0   0   0   0   0   1   0   0   0]
 [ 12  12   1  28  56   0  12   0   0   0  28  18   1  12   0  82   1   4
   58  10  24  30   1  14   1   1   8   0   0   0   5   1  15   0   6   3
    1   0   1   0   1   6   3   1   5   0   0   2   0   0   1   0   0   0
    1   0   1   1   0  10   0   0   0   6   4   6   0   0   0   0   0   4
    4   1   2   0   0   0   1   1   0   0   1   0   1   0   0   0   0   0
    0   3   0   0   1   0   0   0   0   0]
 [ 12  44  15   0   8   1  22   0  17  52   2  18   9   2   0   7  21  15
   25   4  20   1  12   6   0   5  15  18   0   0   3   6  23   1   0   0
    0  18   0  15   7   3   3   7   0   0   1   0  11   5   1  10   1   7
    1   1   3   3   0   1   0   0   1   0   0   2   0   0   0   0   0   0
    0   0   0   1   0   0   0   0   1   1   0   0   0   4   0   0   0   0
    0   0   0   0   4   0   0   0   0   0]
 [  0  16   1  13   1  48  15  38  31   0  18   2  28  17   7   6   0   1
    0   2   0   2  11   6  10   0  10   7  48   0   3   6   1   0   6   6
    0   3  19   2   2   1   0  12   1   0   3   5   3   0   6   0   2   1
    1   7   0   3   0   0   0   5   0   0   3   0   0   2   0   1   0   0
    1   0   1   2   3   1   3   1   0   0   1   1   0   0   0   0   0   0
    0   0   0   2   0   1   0   0   1   0]
 [  5  73   3   8  33  13   5  56  12   0  17   0   4  15   1   2   4   5
    4   1   0   2   6   5   0   0   8   1  12   0   0   3   0   2   4   4
    0   1  16   0   0   1   0  10   4   2  10   0   5   0   6   0   0   1
    2   0   0   3   3   0   3   0   3   0   0   1   0   0   1   4   0   1
    0   0   0   0   0   0   0   1   0   1   1   0   2   0   0   0   0   0
    1   0   0   0   0   0   0   1   1   0]]
Total size of training set
10847
local test distribution:
[[ 20  22  13  56   0   3  18   0   0   0  77   3  33  59  31  36   0   0
    1   3  20  11  11  11  20   0   4   0   9   0   0  18   2  34   3   0
    1  16   4   2   0  11   2   0   0   9   2   1   0   0   0   6   7   4
    0   2   0   0   2   0   1   0   0   0   0   0   0   0   0   0   0   0
    0   1   0   0   0   3   0   0   1   0   0   0   2   0   0   0   0   0
    0   0   0   0   0   0   0   0   0   0]
 [ 13   2  13   3   0   0   1   2   0   0   9   0   0   0   3   6   6   0
    0  14  31  30   5  12   1   6   0   1   1  10  15   0   1   0   2   0
    0   5   0   4   0   5   9   0   0   6   2   5   0   1   0   0   0   2
    6   0   5   0   6   0   0   0   0   1   0   1   0   0   2   0   0   0
    0   2   0   0   4   0   1   0   0   0   0   0   0   0   0   0   0   0
    0   0   1   0   0   0   0   0   0   0]
 [  1   0  40  59  34  20  18   0   0   7   4   1   0  51   0   2   3   0
   22  27   0   0  19   1  19   1   4  14  17   0   0   5   0   4   3   0
    8   0   0   0  11   0   7   1   0   0   0   5   0   3   0   6   6   0
    0   0   1   0  15   0   0   0   0   0   0   0   0   0   0   0   0   0
    0   0   1   1   0   0   0   0   0   0   0   0   0   0   0   0   0   0
    1   1   0   0   0   0   0   0   0   0]
 [ 11   2   0  12   3  10   3  23   5  50   0   9   4   0   0  19   0   6
    0   8   0   0   0   0   0   1   0   0   3   0   6  19   7   5   2   3
    0  12   0   4   0   2   3   5   2   3   0   0   0   0   2   0   1   3
    0   0   0   0   0   1   0   0   1   0   3   0   0   0   4   0   0   0
    0   0   0   0   0   0   0   0   2   0   0   0   0   0   0   0   0   0
    0   0   0   0   0   0   0   0   0   0]
 [ 47   3  18   0  33   7  17   9   0   3   0  21   5  18  17  13  39   0
   16  11   0   7   4   0  50   0   0   4   5   6   2   0   0   0   2   1
   12   0   0   0   0   0   0   0   0   1   5   3   3   8   0   2   1   0
    0   4   0   0   0   0   2   0   0   0   0   0   3   4   0   0   1   0
    0   0   0   0   0   0   0   0   0   2   0   0   0   0   0   0   0   0
    0   0   1   0   0   0   0   0   0   0]
 [  6  10  59   0   4  60   4  39  60  43  25   7  23   0   0   0  39  10
   11  11   9   1   0   0   0   6   7   4   0  25   1   6   5  10   0   7
    5   0   2   0  11   5   0   1   0   1   8   0   1   0   1   0   0   1
    0   0   5   3   0   0   0  11   7   1   0   0   0   0   0   0   0   0
    0   3   1   4   0   0   0   0   2   0   0   0   0   0   0   0   1   0
    0   0   0   0   0   2   0   0   0   0]
 [  0  15   5   0  29  96  28   0  16   0  47  38   0   0   0   0  14   0
   12  28  15   0  19  52   1  57   4   3   5   7  11  11   1   0  13  28
    6   0   7   8   0   0   0   0  10   0   0   0   5   2   0   0   0   0
    4   2   1   0   0   0   0   5   0   0   0   0   0   0   0   5   0   0
    0   0   0   0   0   0   0   0   0   1   3   0   0   0   0   0   0   0
    0   0   0   0   0   0   0   0   0   0]
 [  1 135   8   1   0   2   8  12   4   1   1   0  10   0  25   5  11  30
    7   0  10  11   1   0   1  17   0  14   0  15   4   5   7   4   8   7
    1   5   1  12   0   5   4   7   0   0   0   0   1  16   0   5   1   0
    9   6   0   1   0   9   0   0   1   0   0   3   0   1   0   0   1   3
    0   0   0   0   0   0   0   0   0   0   0   1   0   0   0   0   0   0
    1   0   0   0   0   0   0   0   0   0]
 [ 77  71   1   2   2  10  22   0  12  12   4  12   5  24   3   0   0  12
    3   4  11  17   5   2   0   8  26  11   0   0  20   5   1   0   1   0
    7   1   2   4   0   3   1   1   2   3   1   5  11   0   1   0   3   0
    0   0   1   0   0   0   0   0   0   0   3   0   0   0   6   0   2   0
    0   0   0   0   0   0   0   0   0   0   0   0   0   0   0   0   0   0
    0   0   0   0   0   0   0   0   0   0]
 [161  18 151   5  86   8  28   7   6   2   0   1  46  10   5  20  42   8
   11   8   1   0   0   4   4  21   6  12   8   0   2  11   0  18   8   0
    0   0   0   0   0   2   0   0   2   0   4   2   0   0   0   0   1   0
    1   0   0   0   0   0   2   0   1   0   0   6   0   0   0   2   0   3
    2   0   0   0   0   3   0   1   0   0   0   1   0   0   0   0   0   0
    0   0   0   0   0   0   0   0   0   0]
 [ 39   0   2  15   2   0  51  11   2  13   0  26   1   3  13   1   0   0
    1  46   0   8   0   0  15  10  11   0   0   5   3   0   8   0   0   2
    0   0   4  10  12   0   0   0   1   0   0   9   1   2   0   0   0   0
    3   2   2   2   0   0   0   0   0   0   0   0   0   0   0   0   4   0
    0   0   0   0   0   0   0   0   0   0   0   2   0   0   0   0   0   0
    0   0   0   0   0   0   0   0   0   0]
 [  5  11   0   0   3  60  36   0   4   2   1   8   0   0  39  12   0  77
    1   0  29  14   6   3  10   0   7   1   2  29  15   5   2   1  14   0
    0   0  12   0  13   0   0   0  14   0   3   0   0   0   0   0   1  14
    0   0   0   4   0   3   0   0   0   1   0   0   0   0   0   2   1   0
    0   0   0   0   1   0   0   2   0   0   0   0   0   0   0   0   0   0
    0   0   0   0   0   0   0   0   0   1]
 [ 14   0   6  45  53   0   4  33 111  20  16  88   3   0   2  15   4   4
    1   1   6   8  18   0   1   0   0  13   0   1   1   1   2   0  10   6
    0   0   0   2   0  10   4   0   4  18   4   3   0   0   6   0   1   1
    0   0   1   0   0   0   5   0   6   0   0   0   2   0   0   0   0   1
    0   0   0   0   0   0   0   0   0   0   0   0   0   0   0   0   0   0
    0   0   0   0   0   1   0   0   0   0]
 [  3   7   0  31  22   9   2  28   2   0   0   0  83  35  47   0   0  11
   11   2   0  17   0   6   0   0   3   6   2   0   0   0   7   5   6   0
    1  15   0   0   0   0   1   0   0   1   1   2   0   0  11   6   6   0
    1   2   2   1   0   1  10   0   0   0   7   0   0   0   0   0   1   0
    4   0   0   0   0   0   2   0   0   0   0   0   0   0   1   0   0   0
    0   0   0   0   0   0   0   0   0   0]
 [  6   2  71  64   9  17  35  67   0  37   2  14   0   2  40   0  23  21
    2   2   0   4  42   9   2   0   3   0   0   0   6   0  16  10   0   3
   26   0   2   0   8   1  11  14   5   0   0   3   0   0   2   0   0   0
    1   0   0   0   0   0   0   0   0   7   0   0   0   0   0   0   0   0
    0   0   2   0   0   0   0   0   0   0   0   0   0   1   2   4   0   1
    0   0   0   0   0   0   0   0   0   0]
 [ 21   0   7  53   6   0  14   8  32  57  35   3   3   0   0   1   5   0
   10   0   3   5   0  20   8   6  17  15  11  15   8   0   0   0   0  16
   10   0   3   6   0   5   7   0   0   5   3   0   1   3   1   0   0   0
    0   5   3   4   0   0   0   0   0   4   0   0  11   8   1   0   0   0
    0   2   0   0   0   0   0   0   0   0   0   0   0   0   0   0   1   0
    0   0   0   0   0   0   0   0   0   0]
 [ 11  11   0  25  51   0  11   0   0   0  25  16   0  11   0  75   0   3
   53   9  22  27   0  12   0   0   7   0   0   0   4   0  13   0   5   2
    0   0   0   0   0   5   2   0   4   0   0   1   0   0   0   0   0   0
    0   0   0   0   0   9   0   0   0   5   3   5   0   0   0   0   0   3
    3   0   1   0   0   0   0   0   0   0   0   0   0   0   0   0   0   0
    0   2   0   0   0   0   0   0   0   0]
 [ 11  40  13   0   7   0  20   0  15  47   1  16   8   1   0   6  19  13
   23   3  18   0  11   5   0   4  13  16   0   0   2   5  21   0   0   0
    0  16   0  13   6   2   2   6   0   0   0   0  10   4   0   9   0   6
    0   0   2   2   0   0   0   0   0   0   0   1   0   0   0   0   0   0
    0   0   0   0   0   0   0   0   0   0   0   0   0   3   0   0   0   0
    0   0   0   0   3   0   0   0   0   0]
 [  0  14   0  11   0  44  13  35  28   0  16   1  25  15   6   5   0   0
    0   1   0   1  10   5   9   0   9   6  44   0   2   5   0   0   5   5
    0   2  17   1   1   0   0  11   0   0   2   4   2   0   5   0   1   0
    0   6   0   2   0   0   0   4   0   0   2   0   0   1   0   0   0   0
    0   0   0   1   2   0   2   0   0   0   0   0   0   0   0   0   0   0
    0   0   0   1   0   0   0   0   0   0]
 [  4  67   2   7  30  11   4  51  11   0  15   0   3  13   0   1   3   4
    3   0   0   1   5   4   0   0   7   0  11   0   0   2   0   1   3   3
    0   0  14   0   0   0   0   9   3   1   9   0   4   0   5   0   0   0
    1   0   0   2   2   0   2   0   2   0   0   0   0   0   0   3   0   0
    0   0   0   0   0   0   0   0   0   0   0   0   1   0   0   0   0   0
    0   0   0   0   0   0   0   0   0   0]]
Total size of testing set
9208
[451 430 409 389 374 357 337 325 308 294 278 264 252 242 231 217 208 199
 188 178 175 162 156 146 141 137 128 120 118 113 102  98  93  92  85  83
  77  72  68  66  62  56  53  55  47  48  44  43  39  39  34  34  29  31
  26  29  23  21  25  23  22  20  18  19  18  16  16  14  13  12  10  10
   9   8   5   6   7   6   5   3   5   3   3   4   3   4   3   4   2   1
   2   3   2   1   3   3   0   0   0   1]
20
round 0, global test acc  0.013 

round 0, global 3shot acc: [head: 0.047, middle: 0.000, tail: 0.000] 

round 1, global test acc  0.029 

round 1, global 3shot acc: [head: 0.106, middle: 0.002, tail: 0.000] 

round 2, global test acc  0.035 

round 2, global 3shot acc: [head: 0.125, middle: 0.005, tail: 0.000] 

round 3, global test acc  0.045 

round 3, global 3shot acc: [head: 0.153, middle: 0.014, tail: 0.000] 

round 4, global test acc  0.042 

round 4, global 3shot acc: [head: 0.145, middle: 0.010, tail: 0.000] 

round 5, global test acc  0.048 

round 5, global 3shot acc: [head: 0.157, middle: 0.020, tail: 0.000] 

round 6, global test acc  0.047 

round 6, global 3shot acc: [head: 0.157, middle: 0.017, tail: 0.000] 

round 7, global test acc  0.049 

round 7, global 3shot acc: [head: 0.153, middle: 0.029, tail: 0.000] 

round 8, global test acc  0.052 

round 8, global 3shot acc: [head: 0.172, middle: 0.021, tail: 0.000] 

round 9, global test acc  0.052 

round 9, global 3shot acc: [head: 0.164, middle: 0.030, tail: 0.000] 

round 10, global test acc  0.051 

round 10, global 3shot acc: [head: 0.163, middle: 0.027, tail: 0.000] 

round 11, global test acc  0.051 

round 11, global 3shot acc: [head: 0.163, middle: 0.025, tail: 0.000] 

round 12, global test acc  0.052 

round 12, global 3shot acc: [head: 0.163, middle: 0.030, tail: 0.000] 

round 13, global test acc  0.051 

round 13, global 3shot acc: [head: 0.163, middle: 0.028, tail: 0.000] 

round 14, global test acc  0.044 

round 14, global 3shot acc: [head: 0.137, middle: 0.027, tail: 0.000] 

round 15, global test acc  0.052 

round 15, global 3shot acc: [head: 0.163, middle: 0.032, tail: 0.000] 

round 16, global test acc  0.054 

round 16, global 3shot acc: [head: 0.172, middle: 0.028, tail: 0.000] 

round 17, global test acc  0.053 

round 17, global 3shot acc: [head: 0.170, middle: 0.028, tail: 0.000] 

round 18, global test acc  0.049 

round 18, global 3shot acc: [head: 0.154, middle: 0.029, tail: 0.000] 

round 19, global test acc  0.054 

round 19, global 3shot acc: [head: 0.171, middle: 0.031, tail: 0.000] 

round 20, global test acc  0.055 

round 20, global 3shot acc: [head: 0.170, middle: 0.035, tail: 0.000] 

round 21, global test acc  0.056 

round 21, global 3shot acc: [head: 0.176, middle: 0.032, tail: 0.000] 

round 22, global test acc  0.054 

round 22, global 3shot acc: [head: 0.174, middle: 0.028, tail: 0.000] 

round 23, global test acc  0.052 

round 23, global 3shot acc: [head: 0.161, middle: 0.032, tail: 0.000] 

round 24, global test acc  0.052 

round 24, global 3shot acc: [head: 0.162, middle: 0.032, tail: 0.000] 

round 25, global test acc  0.053 

round 25, global 3shot acc: [head: 0.165, middle: 0.032, tail: 0.000] 

round 26, global test acc  0.052 

round 26, global 3shot acc: [head: 0.160, middle: 0.036, tail: 0.000] 

round 27, global test acc  0.059 

round 27, global 3shot acc: [head: 0.184, middle: 0.034, tail: 0.000] 

round 28, global test acc  0.057 

round 28, global 3shot acc: [head: 0.183, middle: 0.029, tail: 0.000] 

round 29, global test acc  0.056 

round 29, global 3shot acc: [head: 0.176, middle: 0.031, tail: 0.000] 

round 30, global test acc  0.058 

round 30, global 3shot acc: [head: 0.181, middle: 0.036, tail: 0.000] 

round 31, global test acc  0.057 

round 31, global 3shot acc: [head: 0.183, middle: 0.030, tail: 0.000] 

round 32, global test acc  0.057 

round 32, global 3shot acc: [head: 0.181, middle: 0.030, tail: 0.000] 

round 33, global test acc  0.059 

round 33, global 3shot acc: [head: 0.190, middle: 0.029, tail: 0.000] 

round 34, global test acc  0.060 

round 34, global 3shot acc: [head: 0.189, middle: 0.035, tail: 0.000] 

round 35, global test acc  0.057 

round 35, global 3shot acc: [head: 0.182, middle: 0.030, tail: 0.000] 

round 36, global test acc  0.061 

round 36, global 3shot acc: [head: 0.196, middle: 0.033, tail: 0.000] 

round 37, global test acc  0.062 

round 37, global 3shot acc: [head: 0.197, middle: 0.035, tail: 0.000] 

round 38, global test acc  0.060 

round 38, global 3shot acc: [head: 0.191, middle: 0.031, tail: 0.000] 

round 39, global test acc  0.060 

round 39, global 3shot acc: [head: 0.190, middle: 0.035, tail: 0.000] 

round 40, global test acc  0.061 

round 40, global 3shot acc: [head: 0.198, middle: 0.031, tail: 0.000] 

round 41, global test acc  0.061 

round 41, global 3shot acc: [head: 0.196, middle: 0.031, tail: 0.000] 

round 42, global test acc  0.062 

round 42, global 3shot acc: [head: 0.201, middle: 0.030, tail: 0.000] 

round 43, global test acc  0.062 

round 43, global 3shot acc: [head: 0.197, middle: 0.032, tail: 0.000] 

round 44, global test acc  0.058 

round 44, global 3shot acc: [head: 0.187, middle: 0.028, tail: 0.000] 

round 45, global test acc  0.061 

round 45, global 3shot acc: [head: 0.201, middle: 0.025, tail: 0.000] 

round 46, global test acc  0.059 

round 46, global 3shot acc: [head: 0.193, middle: 0.026, tail: 0.000] 

round 47, global test acc  0.059 

round 47, global 3shot acc: [head: 0.195, middle: 0.025, tail: 0.000] 

round 48, global test acc  0.061 

round 48, global 3shot acc: [head: 0.199, middle: 0.029, tail: 0.000] 

round 49, global test acc  0.061 

round 49, global 3shot acc: [head: 0.203, middle: 0.025, tail: 0.000] 

round 50, global test acc  0.063 

round 50, global 3shot acc: [head: 0.209, middle: 0.024, tail: 0.000] 

round 51, global test acc  0.062 

round 51, global 3shot acc: [head: 0.205, middle: 0.024, tail: 0.000] 

round 52, global test acc  0.061 

round 52, global 3shot acc: [head: 0.203, middle: 0.025, tail: 0.000] 

round 53, global test acc  0.062 

round 53, global 3shot acc: [head: 0.201, middle: 0.028, tail: 0.000] 

round 54, global test acc  0.062 

round 54, global 3shot acc: [head: 0.204, middle: 0.025, tail: 0.000] 

round 55, global test acc  0.060 

round 55, global 3shot acc: [head: 0.199, middle: 0.025, tail: 0.000] 

round 56, global test acc  0.063 

round 56, global 3shot acc: [head: 0.210, middle: 0.024, tail: 0.000] 

round 57, global test acc  0.062 

round 57, global 3shot acc: [head: 0.208, middle: 0.023, tail: 0.000] 

round 58, global test acc  0.062 

round 58, global 3shot acc: [head: 0.210, middle: 0.022, tail: 0.000] 

round 59, global test acc  0.064 

round 59, global 3shot acc: [head: 0.215, middle: 0.022, tail: 0.000] 

round 60, global test acc  0.063 

round 60, global 3shot acc: [head: 0.212, middle: 0.024, tail: 0.000] 

round 61, global test acc  0.064 

round 61, global 3shot acc: [head: 0.213, middle: 0.023, tail: 0.000] 

round 62, global test acc  0.062 

round 62, global 3shot acc: [head: 0.210, middle: 0.020, tail: 0.000] 

round 63, global test acc  0.062 

round 63, global 3shot acc: [head: 0.209, middle: 0.023, tail: 0.000] 

round 64, global test acc  0.064 

round 64, global 3shot acc: [head: 0.216, middle: 0.020, tail: 0.000] 

round 65, global test acc  0.065 

round 65, global 3shot acc: [head: 0.222, middle: 0.020, tail: 0.000] 

round 66, global test acc  0.064 

round 66, global 3shot acc: [head: 0.217, middle: 0.022, tail: 0.000] 

round 67, global test acc  0.065 

round 67, global 3shot acc: [head: 0.220, middle: 0.020, tail: 0.000] 

round 68, global test acc  0.063 

round 68, global 3shot acc: [head: 0.214, middle: 0.020, tail: 0.000] 

round 69, global test acc  0.065 

round 69, global 3shot acc: [head: 0.216, middle: 0.023, tail: 0.000] 

round 70, global test acc  0.065 

round 70, global 3shot acc: [head: 0.219, middle: 0.024, tail: 0.000] 

round 71, global test acc  0.064 

round 71, global 3shot acc: [head: 0.217, middle: 0.020, tail: 0.000] 

round 72, global test acc  0.065 

round 72, global 3shot acc: [head: 0.221, middle: 0.021, tail: 0.000] 

round 73, global test acc  0.066 

round 73, global 3shot acc: [head: 0.221, middle: 0.025, tail: 0.000] 

round 74, global test acc  0.062 

round 74, global 3shot acc: [head: 0.211, middle: 0.020, tail: 0.000] 

round 75, global test acc  0.066 

round 75, global 3shot acc: [head: 0.224, middle: 0.021, tail: 0.000] 

round 76, global test acc  0.067 

round 76, global 3shot acc: [head: 0.226, middle: 0.023, tail: 0.000] 

round 77, global test acc  0.062 

round 77, global 3shot acc: [head: 0.210, middle: 0.022, tail: 0.000] 

round 78, global test acc  0.064 

round 78, global 3shot acc: [head: 0.219, middle: 0.020, tail: 0.000] 

round 79, global test acc  0.066 

round 79, global 3shot acc: [head: 0.225, middle: 0.019, tail: 0.000] 

round 80, global test acc  0.065 

round 80, global 3shot acc: [head: 0.218, middle: 0.025, tail: 0.000] 

round 81, global test acc  0.065 

round 81, global 3shot acc: [head: 0.219, middle: 0.022, tail: 0.000] 

round 82, global test acc  0.066 

round 82, global 3shot acc: [head: 0.220, middle: 0.025, tail: 0.000] 

round 83, global test acc  0.066 

round 83, global 3shot acc: [head: 0.220, middle: 0.026, tail: 0.000] 

round 84, global test acc  0.066 

round 84, global 3shot acc: [head: 0.224, middle: 0.022, tail: 0.000] 

round 85, global test acc  0.066 

round 85, global 3shot acc: [head: 0.219, middle: 0.025, tail: 0.000] 

round 86, global test acc  0.068 

round 86, global 3shot acc: [head: 0.229, middle: 0.024, tail: 0.000] 

round 87, global test acc  0.065 

round 87, global 3shot acc: [head: 0.216, middle: 0.024, tail: 0.000] 

round 88, global test acc  0.066 

round 88, global 3shot acc: [head: 0.221, middle: 0.025, tail: 0.000] 

round 89, global test acc  0.065 

round 89, global 3shot acc: [head: 0.220, middle: 0.023, tail: 0.000] 

round 90, global test acc  0.066 

round 90, global 3shot acc: [head: 0.222, middle: 0.023, tail: 0.000] 

round 91, global test acc  0.066 

round 91, global 3shot acc: [head: 0.220, middle: 0.027, tail: 0.000] 

round 92, global test acc  0.066 

round 92, global 3shot acc: [head: 0.220, middle: 0.025, tail: 0.000] 

round 93, global test acc  0.065 

round 93, global 3shot acc: [head: 0.215, middle: 0.027, tail: 0.000] 

round 94, global test acc  0.067 

round 94, global 3shot acc: [head: 0.220, middle: 0.030, tail: 0.000] 

round 95, global test acc  0.066 

round 95, global 3shot acc: [head: 0.216, middle: 0.027, tail: 0.000] 

round 96, global test acc  0.067 

round 96, global 3shot acc: [head: 0.223, middle: 0.025, tail: 0.000] 

round 97, global test acc  0.067 

round 97, global 3shot acc: [head: 0.223, middle: 0.025, tail: 0.000] 

round 98, global test acc  0.065 

round 98, global 3shot acc: [head: 0.214, middle: 0.027, tail: 0.000] 

round 99, global test acc  0.065 

round 99, global 3shot acc: [head: 0.217, middle: 0.024, tail: 0.000] 

round 100, global test acc  0.067 

round 100, global 3shot acc: [head: 0.219, middle: 0.029, tail: 0.000] 

round 101, global test acc  0.065 

round 101, global 3shot acc: [head: 0.219, middle: 0.025, tail: 0.000] 

round 102, global test acc  0.066 

round 102, global 3shot acc: [head: 0.223, middle: 0.022, tail: 0.000] 

round 103, global test acc  0.068 

round 103, global 3shot acc: [head: 0.227, middle: 0.025, tail: 0.000] 

round 104, global test acc  0.068 

round 104, global 3shot acc: [head: 0.227, middle: 0.025, tail: 0.000] 

round 105, global test acc  0.066 

round 105, global 3shot acc: [head: 0.219, middle: 0.026, tail: 0.000] 

round 106, global test acc  0.069 

round 106, global 3shot acc: [head: 0.230, middle: 0.025, tail: 0.000] 

round 107, global test acc  0.069 

round 107, global 3shot acc: [head: 0.231, middle: 0.024, tail: 0.000] 

round 108, global test acc  0.067 

round 108, global 3shot acc: [head: 0.226, middle: 0.023, tail: 0.000] 

round 109, global test acc  0.068 

round 109, global 3shot acc: [head: 0.231, middle: 0.022, tail: 0.000] 

round 110, global test acc  0.068 

round 110, global 3shot acc: [head: 0.227, middle: 0.024, tail: 0.000] 

round 111, global test acc  0.069 

round 111, global 3shot acc: [head: 0.231, middle: 0.026, tail: 0.000] 

round 112, global test acc  0.069 

round 112, global 3shot acc: [head: 0.233, middle: 0.025, tail: 0.000] 

round 113, global test acc  0.068 

round 113, global 3shot acc: [head: 0.230, middle: 0.023, tail: 0.000] 

round 114, global test acc  0.070 

round 114, global 3shot acc: [head: 0.237, middle: 0.023, tail: 0.000] 

round 115, global test acc  0.068 

round 115, global 3shot acc: [head: 0.233, middle: 0.020, tail: 0.000] 

round 116, global test acc  0.069 

round 116, global 3shot acc: [head: 0.238, middle: 0.020, tail: 0.000] 

round 117, global test acc  0.070 

round 117, global 3shot acc: [head: 0.239, middle: 0.019, tail: 0.000] 

round 118, global test acc  0.069 

round 118, global 3shot acc: [head: 0.239, middle: 0.017, tail: 0.000] 

round 119, global test acc  0.068 

round 119, global 3shot acc: [head: 0.231, middle: 0.021, tail: 0.000] 

round 120, global test acc  0.070 

round 120, global 3shot acc: [head: 0.241, middle: 0.020, tail: 0.000] 

round 121, global test acc  0.069 

round 121, global 3shot acc: [head: 0.239, middle: 0.016, tail: 0.000] 

round 122, global test acc  0.067 

round 122, global 3shot acc: [head: 0.235, middle: 0.014, tail: 0.000] 

round 123, global test acc  0.068 

round 123, global 3shot acc: [head: 0.239, middle: 0.013, tail: 0.000] 

round 124, global test acc  0.069 

round 124, global 3shot acc: [head: 0.240, middle: 0.016, tail: 0.000] 

round 125, global test acc  0.067 

round 125, global 3shot acc: [head: 0.236, middle: 0.013, tail: 0.000] 

round 126, global test acc  0.069 

round 126, global 3shot acc: [head: 0.239, middle: 0.016, tail: 0.000] 

round 127, global test acc  0.069 

round 127, global 3shot acc: [head: 0.241, middle: 0.013, tail: 0.000] 

round 128, global test acc  0.067 

round 128, global 3shot acc: [head: 0.236, middle: 0.013, tail: 0.000] 

round 129, global test acc  0.069 

round 129, global 3shot acc: [head: 0.244, middle: 0.011, tail: 0.000] 

round 130, global test acc  0.069 

round 130, global 3shot acc: [head: 0.247, middle: 0.010, tail: 0.000] 

round 131, global test acc  0.067 

round 131, global 3shot acc: [head: 0.239, middle: 0.010, tail: 0.000] 

round 132, global test acc  0.068 

round 132, global 3shot acc: [head: 0.242, middle: 0.008, tail: 0.000] 

round 133, global test acc  0.068 

round 133, global 3shot acc: [head: 0.240, middle: 0.011, tail: 0.000] 

round 134, global test acc  0.067 

round 134, global 3shot acc: [head: 0.238, middle: 0.011, tail: 0.000] 

round 135, global test acc  0.068 

round 135, global 3shot acc: [head: 0.243, middle: 0.011, tail: 0.000] 

round 136, global test acc  0.069 

round 136, global 3shot acc: [head: 0.247, middle: 0.010, tail: 0.000] 

round 137, global test acc  0.069 

round 137, global 3shot acc: [head: 0.244, middle: 0.012, tail: 0.000] 

round 138, global test acc  0.069 

round 138, global 3shot acc: [head: 0.246, middle: 0.012, tail: 0.000] 

round 139, global test acc  0.070 

round 139, global 3shot acc: [head: 0.246, middle: 0.012, tail: 0.000] 

round 140, global test acc  0.067 

round 140, global 3shot acc: [head: 0.241, middle: 0.009, tail: 0.000] 

round 141, global test acc  0.066 

round 141, global 3shot acc: [head: 0.237, middle: 0.008, tail: 0.000] 

round 142, global test acc  0.069 

round 142, global 3shot acc: [head: 0.247, middle: 0.010, tail: 0.000] 

round 143, global test acc  0.069 

round 143, global 3shot acc: [head: 0.244, middle: 0.012, tail: 0.000] 

round 144, global test acc  0.069 

round 144, global 3shot acc: [head: 0.246, middle: 0.009, tail: 0.000] 

round 145, global test acc  0.069 

round 145, global 3shot acc: [head: 0.246, middle: 0.009, tail: 0.000] 

round 146, global test acc  0.069 

round 146, global 3shot acc: [head: 0.244, middle: 0.010, tail: 0.000] 

round 147, global test acc  0.070 

round 147, global 3shot acc: [head: 0.245, middle: 0.013, tail: 0.000] 

round 148, global test acc  0.069 

round 148, global 3shot acc: [head: 0.241, middle: 0.013, tail: 0.000] 

round 149, global test acc  0.069 

round 149, global 3shot acc: [head: 0.246, middle: 0.010, tail: 0.000] 

round 150, global test acc  0.068 

round 150, global 3shot acc: [head: 0.243, middle: 0.010, tail: 0.000] 

round 151, global test acc  0.069 

round 151, global 3shot acc: [head: 0.249, middle: 0.008, tail: 0.000] 

round 152, global test acc  0.068 

round 152, global 3shot acc: [head: 0.246, middle: 0.007, tail: 0.000] 

round 153, global test acc  0.069 

round 153, global 3shot acc: [head: 0.247, middle: 0.010, tail: 0.000] 

round 154, global test acc  0.070 

round 154, global 3shot acc: [head: 0.247, middle: 0.011, tail: 0.000] 

round 155, global test acc  0.069 

round 155, global 3shot acc: [head: 0.249, middle: 0.008, tail: 0.000] 

round 156, global test acc  0.069 

round 156, global 3shot acc: [head: 0.248, middle: 0.009, tail: 0.000] 

round 157, global test acc  0.068 

round 157, global 3shot acc: [head: 0.242, middle: 0.010, tail: 0.000] 

round 158, global test acc  0.068 

round 158, global 3shot acc: [head: 0.244, middle: 0.009, tail: 0.000] 

round 159, global test acc  0.069 

round 159, global 3shot acc: [head: 0.246, middle: 0.008, tail: 0.000] 

round 160, global test acc  0.070 

round 160, global 3shot acc: [head: 0.249, middle: 0.009, tail: 0.000] 

round 161, global test acc  0.069 

round 161, global 3shot acc: [head: 0.248, middle: 0.009, tail: 0.000] 

round 162, global test acc  0.072 

round 162, global 3shot acc: [head: 0.256, middle: 0.010, tail: 0.000] 

round 163, global test acc  0.070 

round 163, global 3shot acc: [head: 0.248, middle: 0.010, tail: 0.000] 

round 164, global test acc  0.070 

round 164, global 3shot acc: [head: 0.249, middle: 0.009, tail: 0.000] 

round 165, global test acc  0.071 

round 165, global 3shot acc: [head: 0.250, middle: 0.012, tail: 0.000] 

round 166, global test acc  0.071 

round 166, global 3shot acc: [head: 0.254, middle: 0.010, tail: 0.000] 

round 167, global test acc  0.070 

round 167, global 3shot acc: [head: 0.251, middle: 0.008, tail: 0.000] 

round 168, global test acc  0.068 

round 168, global 3shot acc: [head: 0.243, middle: 0.010, tail: 0.000] 

round 169, global test acc  0.068 

round 169, global 3shot acc: [head: 0.240, middle: 0.012, tail: 0.000] 

round 170, global test acc  0.069 

round 170, global 3shot acc: [head: 0.247, middle: 0.009, tail: 0.000] 

round 171, global test acc  0.069 

round 171, global 3shot acc: [head: 0.247, middle: 0.010, tail: 0.000] 

round 172, global test acc  0.070 

round 172, global 3shot acc: [head: 0.247, middle: 0.011, tail: 0.000] 

round 173, global test acc  0.070 

round 173, global 3shot acc: [head: 0.252, middle: 0.009, tail: 0.000] 

round 174, global test acc  0.070 

round 174, global 3shot acc: [head: 0.248, middle: 0.013, tail: 0.000] 

round 175, global test acc  0.070 

round 175, global 3shot acc: [head: 0.248, middle: 0.011, tail: 0.000] 

round 176, global test acc  0.070 

round 176, global 3shot acc: [head: 0.249, middle: 0.011, tail: 0.000] 

round 177, global test acc  0.071 

round 177, global 3shot acc: [head: 0.254, middle: 0.010, tail: 0.000] 

round 178, global test acc  0.070 

round 178, global 3shot acc: [head: 0.248, middle: 0.010, tail: 0.000] 

round 179, global test acc  0.070 

round 179, global 3shot acc: [head: 0.249, middle: 0.010, tail: 0.000] 

round 180, global test acc  0.070 

round 180, global 3shot acc: [head: 0.250, middle: 0.009, tail: 0.000] 

round 181, global test acc  0.071 

round 181, global 3shot acc: [head: 0.256, middle: 0.010, tail: 0.000] 

round 182, global test acc  0.071 

round 182, global 3shot acc: [head: 0.252, middle: 0.011, tail: 0.000] 

round 183, global test acc  0.070 

round 183, global 3shot acc: [head: 0.249, middle: 0.012, tail: 0.000] 

round 184, global test acc  0.069 

round 184, global 3shot acc: [head: 0.244, middle: 0.010, tail: 0.000] 

round 185, global test acc  0.071 

round 185, global 3shot acc: [head: 0.255, middle: 0.010, tail: 0.000] 

round 186, global test acc  0.071 

round 186, global 3shot acc: [head: 0.252, middle: 0.012, tail: 0.000] 

round 187, global test acc  0.070 

round 187, global 3shot acc: [head: 0.250, middle: 0.010, tail: 0.000] 

round 188, global test acc  0.070 

round 188, global 3shot acc: [head: 0.249, middle: 0.010, tail: 0.000] 

round 189, global test acc  0.071 

round 189, global 3shot acc: [head: 0.254, middle: 0.011, tail: 0.000] 

round 190, global test acc  0.072 

round 190, global 3shot acc: [head: 0.258, middle: 0.009, tail: 0.000] 

round 191, global test acc  0.071 

round 191, global 3shot acc: [head: 0.254, middle: 0.009, tail: 0.000] 

round 192, global test acc  0.072 

round 192, global 3shot acc: [head: 0.256, middle: 0.012, tail: 0.000] 

round 193, global test acc  0.072 

round 193, global 3shot acc: [head: 0.256, middle: 0.010, tail: 0.000] 

round 194, global test acc  0.073 

round 194, global 3shot acc: [head: 0.260, middle: 0.010, tail: 0.000] 

round 195, global test acc  0.071 

round 195, global 3shot acc: [head: 0.253, middle: 0.012, tail: 0.000] 

round 196, global test acc  0.072 

round 196, global 3shot acc: [head: 0.257, middle: 0.009, tail: 0.000] 

round 197, global test acc  0.072 

round 197, global 3shot acc: [head: 0.259, middle: 0.010, tail: 0.000] 

round 198, global test acc  0.073 

round 198, global 3shot acc: [head: 0.259, middle: 0.010, tail: 0.000] 

round 199, global test acc  0.071 

round 199, global 3shot acc: [head: 0.254, middle: 0.010, tail: 0.000] 

round 200, global test acc  0.071 

round 200, global 3shot acc: [head: 0.253, middle: 0.011, tail: 0.000] 

round 201, global test acc  0.072 

round 201, global 3shot acc: [head: 0.257, middle: 0.010, tail: 0.000] 

round 202, global test acc  0.072 

round 202, global 3shot acc: [head: 0.258, middle: 0.009, tail: 0.000] 

round 203, global test acc  0.071 

round 203, global 3shot acc: [head: 0.252, middle: 0.010, tail: 0.000] 

round 204, global test acc  0.073 

round 204, global 3shot acc: [head: 0.261, middle: 0.010, tail: 0.000] 

round 205, global test acc  0.071 

round 205, global 3shot acc: [head: 0.256, middle: 0.009, tail: 0.000] 

round 206, global test acc  0.072 

round 206, global 3shot acc: [head: 0.257, middle: 0.009, tail: 0.000] 

round 207, global test acc  0.072 

round 207, global 3shot acc: [head: 0.256, middle: 0.010, tail: 0.000] 

round 208, global test acc  0.072 

round 208, global 3shot acc: [head: 0.255, middle: 0.012, tail: 0.000] 

round 209, global test acc  0.071 

round 209, global 3shot acc: [head: 0.251, middle: 0.012, tail: 0.000] 

round 210, global test acc  0.073 

round 210, global 3shot acc: [head: 0.259, middle: 0.010, tail: 0.000] 

round 211, global test acc  0.072 

round 211, global 3shot acc: [head: 0.256, middle: 0.011, tail: 0.000] 

round 212, global test acc  0.071 

round 212, global 3shot acc: [head: 0.253, middle: 0.009, tail: 0.000] 

round 213, global test acc  0.070 

round 213, global 3shot acc: [head: 0.251, middle: 0.010, tail: 0.000] 

round 214, global test acc  0.070 

round 214, global 3shot acc: [head: 0.250, middle: 0.011, tail: 0.000] 

round 215, global test acc  0.071 

round 215, global 3shot acc: [head: 0.254, middle: 0.010, tail: 0.000] 

round 216, global test acc  0.074 

round 216, global 3shot acc: [head: 0.263, middle: 0.011, tail: 0.000] 

round 217, global test acc  0.072 

round 217, global 3shot acc: [head: 0.255, middle: 0.012, tail: 0.000] 

round 218, global test acc  0.073 

round 218, global 3shot acc: [head: 0.261, middle: 0.011, tail: 0.000] 

round 219, global test acc  0.074 

round 219, global 3shot acc: [head: 0.262, middle: 0.011, tail: 0.000] 

round 220, global test acc  0.073 

round 220, global 3shot acc: [head: 0.260, middle: 0.010, tail: 0.000] 

round 221, global test acc  0.074 

round 221, global 3shot acc: [head: 0.262, middle: 0.011, tail: 0.000] 

round 222, global test acc  0.071 

round 222, global 3shot acc: [head: 0.255, middle: 0.009, tail: 0.000] 

round 223, global test acc  0.074 

round 223, global 3shot acc: [head: 0.260, middle: 0.014, tail: 0.000] 

round 224, global test acc  0.074 

round 224, global 3shot acc: [head: 0.264, middle: 0.009, tail: 0.000] 

round 225, global test acc  0.071 

round 225, global 3shot acc: [head: 0.256, middle: 0.008, tail: 0.000] 

round 226, global test acc  0.071 

round 226, global 3shot acc: [head: 0.254, middle: 0.011, tail: 0.000] 

round 227, global test acc  0.071 

round 227, global 3shot acc: [head: 0.253, middle: 0.010, tail: 0.000] 

round 228, global test acc  0.072 

round 228, global 3shot acc: [head: 0.255, middle: 0.012, tail: 0.000] 

round 229, global test acc  0.072 

round 229, global 3shot acc: [head: 0.255, middle: 0.012, tail: 0.000] 

round 230, global test acc  0.071 

round 230, global 3shot acc: [head: 0.256, middle: 0.009, tail: 0.000] 

round 231, global test acc  0.074 

round 231, global 3shot acc: [head: 0.261, middle: 0.012, tail: 0.000] 

round 232, global test acc  0.073 

round 232, global 3shot acc: [head: 0.258, middle: 0.013, tail: 0.000] 

round 233, global test acc  0.072 

round 233, global 3shot acc: [head: 0.257, middle: 0.010, tail: 0.000] 

round 234, global test acc  0.072 

round 234, global 3shot acc: [head: 0.257, middle: 0.010, tail: 0.000] 

round 235, global test acc  0.074 

round 235, global 3shot acc: [head: 0.263, middle: 0.010, tail: 0.000] 

round 236, global test acc  0.074 

round 236, global 3shot acc: [head: 0.264, middle: 0.010, tail: 0.000] 

round 237, global test acc  0.073 

round 237, global 3shot acc: [head: 0.261, middle: 0.009, tail: 0.000] 

round 238, global test acc  0.074 

round 238, global 3shot acc: [head: 0.266, middle: 0.010, tail: 0.000] 

round 239, global test acc  0.075 

round 239, global 3shot acc: [head: 0.264, middle: 0.013, tail: 0.000] 

round 240, global test acc  0.071 

round 240, global 3shot acc: [head: 0.253, middle: 0.011, tail: 0.000] 

round 241, global test acc  0.073 

round 241, global 3shot acc: [head: 0.261, middle: 0.010, tail: 0.000] 

round 242, global test acc  0.074 

round 242, global 3shot acc: [head: 0.263, middle: 0.010, tail: 0.000] 

round 243, global test acc  0.073 

round 243, global 3shot acc: [head: 0.260, middle: 0.010, tail: 0.000] 

round 244, global test acc  0.076 

round 244, global 3shot acc: [head: 0.270, middle: 0.011, tail: 0.000] 

round 245, global test acc  0.072 

round 245, global 3shot acc: [head: 0.255, middle: 0.012, tail: 0.000] 

round 246, global test acc  0.074 

round 246, global 3shot acc: [head: 0.267, middle: 0.010, tail: 0.000] 

round 247, global test acc  0.073 

round 247, global 3shot acc: [head: 0.260, middle: 0.010, tail: 0.000] 

round 248, global test acc  0.073 

round 248, global 3shot acc: [head: 0.261, middle: 0.010, tail: 0.000] 

round 249, global test acc  0.072 

round 249, global 3shot acc: [head: 0.260, middle: 0.008, tail: 0.000] 

round 250, global test acc  0.074 

round 250, global 3shot acc: [head: 0.266, middle: 0.010, tail: 0.000] 

round 251, global test acc  0.074 

round 251, global 3shot acc: [head: 0.264, middle: 0.011, tail: 0.000] 

round 252, global test acc  0.072 

round 252, global 3shot acc: [head: 0.258, middle: 0.010, tail: 0.000] 

round 253, global test acc  0.071 

round 253, global 3shot acc: [head: 0.254, middle: 0.011, tail: 0.000] 

round 254, global test acc  0.074 

round 254, global 3shot acc: [head: 0.264, middle: 0.011, tail: 0.000] 

round 255, global test acc  0.073 

round 255, global 3shot acc: [head: 0.263, middle: 0.009, tail: 0.000] 

round 256, global test acc  0.075 

round 256, global 3shot acc: [head: 0.267, middle: 0.013, tail: 0.000] 

round 257, global test acc  0.074 

round 257, global 3shot acc: [head: 0.263, middle: 0.012, tail: 0.000] 

round 258, global test acc  0.074 

round 258, global 3shot acc: [head: 0.262, middle: 0.012, tail: 0.000] 

round 259, global test acc  0.073 

round 259, global 3shot acc: [head: 0.262, middle: 0.010, tail: 0.000] 

round 260, global test acc  0.074 

round 260, global 3shot acc: [head: 0.263, middle: 0.011, tail: 0.000] 

round 261, global test acc  0.072 

round 261, global 3shot acc: [head: 0.258, middle: 0.008, tail: 0.000] 

round 262, global test acc  0.074 

round 262, global 3shot acc: [head: 0.264, middle: 0.011, tail: 0.000] 

round 263, global test acc  0.074 

round 263, global 3shot acc: [head: 0.264, middle: 0.012, tail: 0.000] 

round 264, global test acc  0.074 

round 264, global 3shot acc: [head: 0.264, middle: 0.009, tail: 0.000] 

round 265, global test acc  0.073 

round 265, global 3shot acc: [head: 0.261, middle: 0.010, tail: 0.000] 

round 266, global test acc  0.072 

round 266, global 3shot acc: [head: 0.258, middle: 0.009, tail: 0.000] 

round 267, global test acc  0.075 

round 267, global 3shot acc: [head: 0.264, middle: 0.013, tail: 0.000] 

round 268, global test acc  0.075 

round 268, global 3shot acc: [head: 0.265, middle: 0.012, tail: 0.000] 

round 269, global test acc  0.072 

round 269, global 3shot acc: [head: 0.258, middle: 0.010, tail: 0.000] 

round 270, global test acc  0.073 

round 270, global 3shot acc: [head: 0.260, middle: 0.011, tail: 0.000] 

round 271, global test acc  0.072 

round 271, global 3shot acc: [head: 0.257, middle: 0.010, tail: 0.000] 

round 272, global test acc  0.074 

round 272, global 3shot acc: [head: 0.261, middle: 0.012, tail: 0.000] 

round 273, global test acc  0.075 

round 273, global 3shot acc: [head: 0.266, middle: 0.011, tail: 0.000] 

round 274, global test acc  0.073 

round 274, global 3shot acc: [head: 0.262, middle: 0.010, tail: 0.000] 

round 275, global test acc  0.075 

round 275, global 3shot acc: [head: 0.267, middle: 0.012, tail: 0.000] 

round 276, global test acc  0.073 

round 276, global 3shot acc: [head: 0.263, middle: 0.010, tail: 0.000] 

round 277, global test acc  0.076 

round 277, global 3shot acc: [head: 0.270, middle: 0.013, tail: 0.000] 

round 278, global test acc  0.074 

round 278, global 3shot acc: [head: 0.267, middle: 0.010, tail: 0.000] 

round 279, global test acc  0.074 

round 279, global 3shot acc: [head: 0.264, middle: 0.013, tail: 0.000] 

round 280, global test acc  0.075 

round 280, global 3shot acc: [head: 0.268, middle: 0.012, tail: 0.000] 

round 281, global test acc  0.076 

round 281, global 3shot acc: [head: 0.271, middle: 0.011, tail: 0.000] 

round 282, global test acc  0.074 

round 282, global 3shot acc: [head: 0.265, middle: 0.010, tail: 0.000] 

round 283, global test acc  0.074 

round 283, global 3shot acc: [head: 0.266, middle: 0.010, tail: 0.000] 

round 284, global test acc  0.076 

round 284, global 3shot acc: [head: 0.267, middle: 0.014, tail: 0.000] 

round 285, global test acc  0.072 

round 285, global 3shot acc: [head: 0.259, middle: 0.009, tail: 0.000] 

round 286, global test acc  0.072 

round 286, global 3shot acc: [head: 0.259, middle: 0.009, tail: 0.000] 

round 287, global test acc  0.075 

round 287, global 3shot acc: [head: 0.269, middle: 0.010, tail: 0.000] 

round 288, global test acc  0.075 

round 288, global 3shot acc: [head: 0.265, middle: 0.012, tail: 0.000] 

round 289, global test acc  0.075 

round 289, global 3shot acc: [head: 0.265, middle: 0.015, tail: 0.000] 

round 290, global test acc  0.076 

round 290, global 3shot acc: [head: 0.270, middle: 0.011, tail: 0.000] 

round 291, global test acc  0.076 

round 291, global 3shot acc: [head: 0.272, middle: 0.010, tail: 0.000] 

round 292, global test acc  0.074 

round 292, global 3shot acc: [head: 0.265, middle: 0.012, tail: 0.000] 

round 293, global test acc  0.074 

round 293, global 3shot acc: [head: 0.266, middle: 0.010, tail: 0.000] 

round 294, global test acc  0.076 

round 294, global 3shot acc: [head: 0.267, middle: 0.014, tail: 0.000] 

round 295, global test acc  0.074 

round 295, global 3shot acc: [head: 0.264, middle: 0.010, tail: 0.000] 

round 296, global test acc  0.074 

round 296, global 3shot acc: [head: 0.263, middle: 0.011, tail: 0.000] 

round 297, global test acc  0.076 

round 297, global 3shot acc: [head: 0.268, middle: 0.015, tail: 0.000] 

round 298, global test acc  0.076 

round 298, global 3shot acc: [head: 0.268, middle: 0.013, tail: 0.000] 

round 299, global test acc  0.076 

round 299, global 3shot acc: [head: 0.268, middle: 0.013, tail: 0.000] 

round 300, global test acc  0.074 

round 300, global 3shot acc: [head: 0.265, middle: 0.011, tail: 0.000] 

round 301, global test acc  0.074 

round 301, global 3shot acc: [head: 0.268, middle: 0.008, tail: 0.000] 

round 302, global test acc  0.077 

round 302, global 3shot acc: [head: 0.273, middle: 0.013, tail: 0.000] 

round 303, global test acc  0.074 

round 303, global 3shot acc: [head: 0.262, middle: 0.014, tail: 0.000] 

round 304, global test acc  0.076 

round 304, global 3shot acc: [head: 0.267, middle: 0.013, tail: 0.000] 

round 305, global test acc  0.074 

round 305, global 3shot acc: [head: 0.263, middle: 0.010, tail: 0.000] 

round 306, global test acc  0.074 

round 306, global 3shot acc: [head: 0.263, middle: 0.013, tail: 0.000] 

round 307, global test acc  0.074 

round 307, global 3shot acc: [head: 0.266, middle: 0.008, tail: 0.000] 

round 308, global test acc  0.074 

round 308, global 3shot acc: [head: 0.262, middle: 0.012, tail: 0.000] 

round 309, global test acc  0.075 

round 309, global 3shot acc: [head: 0.270, middle: 0.010, tail: 0.000] 

round 310, global test acc  0.075 

round 310, global 3shot acc: [head: 0.268, middle: 0.012, tail: 0.000] 

round 311, global test acc  0.076 

round 311, global 3shot acc: [head: 0.271, middle: 0.013, tail: 0.000] 

round 312, global test acc  0.076 

round 312, global 3shot acc: [head: 0.270, middle: 0.011, tail: 0.000] 

round 313, global test acc  0.076 

round 313, global 3shot acc: [head: 0.271, middle: 0.012, tail: 0.000] 

round 314, global test acc  0.077 

round 314, global 3shot acc: [head: 0.272, middle: 0.012, tail: 0.000] 

round 315, global test acc  0.076 

round 315, global 3shot acc: [head: 0.272, middle: 0.010, tail: 0.000] 

round 316, global test acc  0.077 

round 316, global 3shot acc: [head: 0.273, middle: 0.013, tail: 0.000] 

round 317, global test acc  0.075 

round 317, global 3shot acc: [head: 0.265, middle: 0.013, tail: 0.000] 

round 318, global test acc  0.076 

round 318, global 3shot acc: [head: 0.274, middle: 0.010, tail: 0.000] 

round 319, global test acc  0.074 

round 319, global 3shot acc: [head: 0.264, middle: 0.012, tail: 0.000] 

round 320, global test acc  0.077 

round 320, global 3shot acc: [head: 0.273, middle: 0.012, tail: 0.000] 

round 321, global test acc  0.075 

round 321, global 3shot acc: [head: 0.269, middle: 0.011, tail: 0.000] 

round 322, global test acc  0.076 

round 322, global 3shot acc: [head: 0.269, middle: 0.013, tail: 0.000] 

round 323, global test acc  0.074 

round 323, global 3shot acc: [head: 0.264, middle: 0.010, tail: 0.000] 

round 324, global test acc  0.074 

round 324, global 3shot acc: [head: 0.265, middle: 0.010, tail: 0.000] 

round 325, global test acc  0.076 

round 325, global 3shot acc: [head: 0.271, middle: 0.011, tail: 0.000] 

round 326, global test acc  0.076 

round 326, global 3shot acc: [head: 0.269, middle: 0.012, tail: 0.000] 

round 327, global test acc  0.076 

round 327, global 3shot acc: [head: 0.272, middle: 0.010, tail: 0.000] 

round 328, global test acc  0.076 

round 328, global 3shot acc: [head: 0.271, middle: 0.012, tail: 0.000] 

round 329, global test acc  0.076 

round 329, global 3shot acc: [head: 0.269, middle: 0.012, tail: 0.000] 

round 330, global test acc  0.075 

round 330, global 3shot acc: [head: 0.267, middle: 0.010, tail: 0.000] 

round 331, global test acc  0.074 

round 331, global 3shot acc: [head: 0.263, middle: 0.013, tail: 0.000] 

round 332, global test acc  0.074 

round 332, global 3shot acc: [head: 0.265, middle: 0.012, tail: 0.000] 

round 333, global test acc  0.077 

round 333, global 3shot acc: [head: 0.273, middle: 0.012, tail: 0.000] 

round 334, global test acc  0.076 

round 334, global 3shot acc: [head: 0.270, middle: 0.012, tail: 0.000] 

round 335, global test acc  0.078 

round 335, global 3shot acc: [head: 0.278, middle: 0.013, tail: 0.000] 

round 336, global test acc  0.076 

round 336, global 3shot acc: [head: 0.270, middle: 0.013, tail: 0.000] 

round 337, global test acc  0.074 

round 337, global 3shot acc: [head: 0.263, middle: 0.013, tail: 0.000] 

round 338, global test acc  0.077 

round 338, global 3shot acc: [head: 0.275, middle: 0.012, tail: 0.000] 

round 339, global test acc  0.077 

round 339, global 3shot acc: [head: 0.272, middle: 0.013, tail: 0.000] 

round 340, global test acc  0.076 

round 340, global 3shot acc: [head: 0.270, middle: 0.014, tail: 0.000] 

round 341, global test acc  0.074 

round 341, global 3shot acc: [head: 0.261, middle: 0.012, tail: 0.000] 

round 342, global test acc  0.077 

round 342, global 3shot acc: [head: 0.271, middle: 0.013, tail: 0.000] 

round 343, global test acc  0.074 

round 343, global 3shot acc: [head: 0.266, middle: 0.010, tail: 0.000] 

round 344, global test acc  0.076 

round 344, global 3shot acc: [head: 0.271, middle: 0.011, tail: 0.000] 

round 345, global test acc  0.077 

round 345, global 3shot acc: [head: 0.273, middle: 0.012, tail: 0.000] 

round 346, global test acc  0.076 

round 346, global 3shot acc: [head: 0.270, middle: 0.012, tail: 0.000] 

round 347, global test acc  0.076 

round 347, global 3shot acc: [head: 0.272, middle: 0.012, tail: 0.000] 

round 348, global test acc  0.075 

round 348, global 3shot acc: [head: 0.269, middle: 0.009, tail: 0.000] 

round 349, global test acc  0.075 

round 349, global 3shot acc: [head: 0.269, middle: 0.010, tail: 0.000] 

round 350, global test acc  0.076 

round 350, global 3shot acc: [head: 0.270, middle: 0.010, tail: 0.000] 

round 351, global test acc  0.075 

round 351, global 3shot acc: [head: 0.268, middle: 0.012, tail: 0.000] 

round 352, global test acc  0.074 

round 352, global 3shot acc: [head: 0.263, middle: 0.011, tail: 0.000] 

round 353, global test acc  0.076 

round 353, global 3shot acc: [head: 0.271, middle: 0.010, tail: 0.000] 

round 354, global test acc  0.077 

round 354, global 3shot acc: [head: 0.272, middle: 0.015, tail: 0.000] 

round 355, global test acc  0.075 

round 355, global 3shot acc: [head: 0.266, middle: 0.012, tail: 0.000] 

round 356, global test acc  0.075 

round 356, global 3shot acc: [head: 0.267, middle: 0.011, tail: 0.000] 

round 357, global test acc  0.075 

round 357, global 3shot acc: [head: 0.270, middle: 0.009, tail: 0.000] 

round 358, global test acc  0.077 

round 358, global 3shot acc: [head: 0.276, middle: 0.012, tail: 0.000] 

round 359, global test acc  0.075 

round 359, global 3shot acc: [head: 0.267, middle: 0.012, tail: 0.000] 

round 360, global test acc  0.076 

round 360, global 3shot acc: [head: 0.271, middle: 0.011, tail: 0.000] 

round 361, global test acc  0.076 

round 361, global 3shot acc: [head: 0.272, middle: 0.012, tail: 0.000] 

round 362, global test acc  0.075 

round 362, global 3shot acc: [head: 0.267, middle: 0.010, tail: 0.000] 

round 363, global test acc  0.075 

round 363, global 3shot acc: [head: 0.267, middle: 0.012, tail: 0.000] 

round 364, global test acc  0.077 

round 364, global 3shot acc: [head: 0.272, middle: 0.013, tail: 0.000] 

round 365, global test acc  0.076 

round 365, global 3shot acc: [head: 0.270, middle: 0.012, tail: 0.000] 

round 366, global test acc  0.077 

round 366, global 3shot acc: [head: 0.275, middle: 0.012, tail: 0.000] 

round 367, global test acc  0.075 

round 367, global 3shot acc: [head: 0.266, middle: 0.012, tail: 0.000] 

round 368, global test acc  0.076 

round 368, global 3shot acc: [head: 0.272, middle: 0.012, tail: 0.000] 

round 369, global test acc  0.075 

round 369, global 3shot acc: [head: 0.266, middle: 0.014, tail: 0.000] 

round 370, global test acc  0.078 

round 370, global 3shot acc: [head: 0.273, middle: 0.016, tail: 0.000] 

round 371, global test acc  0.076 

round 371, global 3shot acc: [head: 0.271, middle: 0.012, tail: 0.000] 

round 372, global test acc  0.078 

round 372, global 3shot acc: [head: 0.277, middle: 0.012, tail: 0.000] 

round 373, global test acc  0.077 

round 373, global 3shot acc: [head: 0.272, middle: 0.013, tail: 0.000] 

round 374, global test acc  0.077 

round 374, global 3shot acc: [head: 0.273, middle: 0.013, tail: 0.000] 

round 375, global test acc  0.077 

round 375, global 3shot acc: [head: 0.276, middle: 0.010, tail: 0.000] 

round 376, global test acc  0.077 

round 376, global 3shot acc: [head: 0.275, middle: 0.010, tail: 0.000] 

round 377, global test acc  0.078 

round 377, global 3shot acc: [head: 0.274, middle: 0.013, tail: 0.000] 

round 378, global test acc  0.077 

round 378, global 3shot acc: [head: 0.274, middle: 0.012, tail: 0.000] 

round 379, global test acc  0.075 

round 379, global 3shot acc: [head: 0.267, middle: 0.013, tail: 0.000] 

round 380, global test acc  0.077 

round 380, global 3shot acc: [head: 0.273, middle: 0.012, tail: 0.000] 

round 381, global test acc  0.078 

round 381, global 3shot acc: [head: 0.277, middle: 0.013, tail: 0.000] 

round 382, global test acc  0.075 

round 382, global 3shot acc: [head: 0.269, middle: 0.011, tail: 0.000] 

round 383, global test acc  0.077 

round 383, global 3shot acc: [head: 0.272, middle: 0.012, tail: 0.000] 

round 384, global test acc  0.076 

round 384, global 3shot acc: [head: 0.268, middle: 0.013, tail: 0.000] 

round 385, global test acc  0.077 

round 385, global 3shot acc: [head: 0.273, middle: 0.014, tail: 0.000] 

round 386, global test acc  0.078 

round 386, global 3shot acc: [head: 0.276, middle: 0.012, tail: 0.000] 

round 387, global test acc  0.079 

round 387, global 3shot acc: [head: 0.276, middle: 0.015, tail: 0.000] 

round 388, global test acc  0.077 

round 388, global 3shot acc: [head: 0.270, middle: 0.015, tail: 0.000] 

round 389, global test acc  0.078 

round 389, global 3shot acc: [head: 0.273, middle: 0.015, tail: 0.000] 

round 390, global test acc  0.080 

round 390, global 3shot acc: [head: 0.280, middle: 0.017, tail: 0.000] 

round 391, global test acc  0.077 

round 391, global 3shot acc: [head: 0.272, middle: 0.015, tail: 0.000] 

round 392, global test acc  0.076 

round 392, global 3shot acc: [head: 0.271, middle: 0.012, tail: 0.000] 

round 393, global test acc  0.078 

round 393, global 3shot acc: [head: 0.277, middle: 0.012, tail: 0.000] 

round 394, global test acc  0.078 

round 394, global 3shot acc: [head: 0.279, middle: 0.010, tail: 0.000] 

round 395, global test acc  0.077 

round 395, global 3shot acc: [head: 0.275, middle: 0.011, tail: 0.000] 

round 396, global test acc  0.077 

round 396, global 3shot acc: [head: 0.273, middle: 0.012, tail: 0.000] 

round 397, global test acc  0.077 

round 397, global 3shot acc: [head: 0.272, middle: 0.013, tail: 0.000] 

round 398, global test acc  0.077 

round 398, global 3shot acc: [head: 0.272, middle: 0.013, tail: 0.000] 

round 399, global test acc  0.077 

round 399, global 3shot acc: [head: 0.272, middle: 0.012, tail: 0.000] 

round 400, global test acc  0.077 

round 400, global 3shot acc: [head: 0.275, middle: 0.012, tail: 0.000] 

round 401, global test acc  0.077 

round 401, global 3shot acc: [head: 0.270, middle: 0.014, tail: 0.000] 

round 402, global test acc  0.076 

round 402, global 3shot acc: [head: 0.269, middle: 0.012, tail: 0.000] 

round 403, global test acc  0.076 

round 403, global 3shot acc: [head: 0.268, middle: 0.013, tail: 0.000] 

round 404, global test acc  0.076 

round 404, global 3shot acc: [head: 0.272, middle: 0.010, tail: 0.000] 

round 405, global test acc  0.077 

round 405, global 3shot acc: [head: 0.277, middle: 0.010, tail: 0.000] 

round 406, global test acc  0.077 

round 406, global 3shot acc: [head: 0.272, middle: 0.013, tail: 0.000] 

round 407, global test acc  0.077 

round 407, global 3shot acc: [head: 0.274, middle: 0.013, tail: 0.000] 

round 408, global test acc  0.079 

round 408, global 3shot acc: [head: 0.278, middle: 0.015, tail: 0.000] 

round 409, global test acc  0.079 

round 409, global 3shot acc: [head: 0.280, middle: 0.012, tail: 0.000] 

round 410, global test acc  0.078 

round 410, global 3shot acc: [head: 0.274, middle: 0.014, tail: 0.000] 

round 411, global test acc  0.078 

round 411, global 3shot acc: [head: 0.275, middle: 0.014, tail: 0.000] 

round 412, global test acc  0.078 

round 412, global 3shot acc: [head: 0.274, middle: 0.017, tail: 0.000] 

round 413, global test acc  0.077 

round 413, global 3shot acc: [head: 0.273, middle: 0.014, tail: 0.000] 

round 414, global test acc  0.078 

round 414, global 3shot acc: [head: 0.276, middle: 0.012, tail: 0.000] 

round 415, global test acc  0.077 

round 415, global 3shot acc: [head: 0.273, middle: 0.012, tail: 0.000] 

round 416, global test acc  0.077 

round 416, global 3shot acc: [head: 0.276, middle: 0.011, tail: 0.000] 

round 417, global test acc  0.079 

round 417, global 3shot acc: [head: 0.277, middle: 0.015, tail: 0.000] 

round 418, global test acc  0.078 

round 418, global 3shot acc: [head: 0.276, middle: 0.013, tail: 0.000] 

round 419, global test acc  0.078 

round 419, global 3shot acc: [head: 0.278, middle: 0.011, tail: 0.000] 

round 420, global test acc  0.078 

round 420, global 3shot acc: [head: 0.278, middle: 0.013, tail: 0.000] 

round 421, global test acc  0.077 

round 421, global 3shot acc: [head: 0.273, middle: 0.012, tail: 0.000] 

round 422, global test acc  0.077 

round 422, global 3shot acc: [head: 0.276, middle: 0.011, tail: 0.000] 

round 423, global test acc  0.077 

round 423, global 3shot acc: [head: 0.273, middle: 0.012, tail: 0.000] 

round 424, global test acc  0.078 

round 424, global 3shot acc: [head: 0.276, middle: 0.012, tail: 0.000] 

round 425, global test acc  0.077 

round 425, global 3shot acc: [head: 0.273, middle: 0.013, tail: 0.000] 

round 426, global test acc  0.077 

round 426, global 3shot acc: [head: 0.272, middle: 0.014, tail: 0.000] 

round 427, global test acc  0.077 

round 427, global 3shot acc: [head: 0.275, middle: 0.013, tail: 0.000] 

round 428, global test acc  0.076 

round 428, global 3shot acc: [head: 0.268, middle: 0.015, tail: 0.000] 

round 429, global test acc  0.076 

round 429, global 3shot acc: [head: 0.271, middle: 0.011, tail: 0.000] 

round 430, global test acc  0.075 

round 430, global 3shot acc: [head: 0.267, middle: 0.013, tail: 0.000] 

round 431, global test acc  0.078 

round 431, global 3shot acc: [head: 0.274, middle: 0.016, tail: 0.000] 

round 432, global test acc  0.077 

round 432, global 3shot acc: [head: 0.273, middle: 0.015, tail: 0.000] 

round 433, global test acc  0.078 

round 433, global 3shot acc: [head: 0.275, middle: 0.015, tail: 0.000] 

round 434, global test acc  0.079 

round 434, global 3shot acc: [head: 0.277, middle: 0.017, tail: 0.000] 

round 435, global test acc  0.078 

round 435, global 3shot acc: [head: 0.275, middle: 0.015, tail: 0.000] 

round 436, global test acc  0.076 

round 436, global 3shot acc: [head: 0.269, middle: 0.012, tail: 0.000] 

round 437, global test acc  0.078 

round 437, global 3shot acc: [head: 0.277, middle: 0.014, tail: 0.000] 

round 438, global test acc  0.076 

round 438, global 3shot acc: [head: 0.269, middle: 0.015, tail: 0.000] 

round 439, global test acc  0.079 

round 439, global 3shot acc: [head: 0.277, middle: 0.017, tail: 0.000] 

round 440, global test acc  0.078 

round 440, global 3shot acc: [head: 0.274, middle: 0.014, tail: 0.000] 

round 441, global test acc  0.078 

round 441, global 3shot acc: [head: 0.277, middle: 0.014, tail: 0.000] 

round 442, global test acc  0.078 

round 442, global 3shot acc: [head: 0.275, middle: 0.013, tail: 0.000] 

round 443, global test acc  0.078 

round 443, global 3shot acc: [head: 0.277, middle: 0.014, tail: 0.000] 

round 444, global test acc  0.079 

round 444, global 3shot acc: [head: 0.279, middle: 0.012, tail: 0.000] 

round 445, global test acc  0.077 

round 445, global 3shot acc: [head: 0.275, middle: 0.012, tail: 0.000] 

round 446, global test acc  0.078 

round 446, global 3shot acc: [head: 0.275, middle: 0.013, tail: 0.000] 

round 447, global test acc  0.079 

round 447, global 3shot acc: [head: 0.280, middle: 0.012, tail: 0.000] 

round 448, global test acc  0.078 

round 448, global 3shot acc: [head: 0.274, middle: 0.014, tail: 0.000] 

round 449, global test acc  0.079 

round 449, global 3shot acc: [head: 0.280, middle: 0.014, tail: 0.000] 

round 450, global test acc  0.080 

round 450, global 3shot acc: [head: 0.280, middle: 0.016, tail: 0.000] 

round 451, global test acc  0.077 

round 451, global 3shot acc: [head: 0.273, middle: 0.014, tail: 0.000] 

round 452, global test acc  0.079 

round 452, global 3shot acc: [head: 0.278, middle: 0.013, tail: 0.000] 

round 453, global test acc  0.077 

round 453, global 3shot acc: [head: 0.275, middle: 0.011, tail: 0.000] 

round 454, global test acc  0.077 

round 454, global 3shot acc: [head: 0.271, middle: 0.015, tail: 0.000] 

round 455, global test acc  0.080 

round 455, global 3shot acc: [head: 0.282, middle: 0.015, tail: 0.000] 

round 456, global test acc  0.078 

round 456, global 3shot acc: [head: 0.273, middle: 0.015, tail: 0.000] 

round 457, global test acc  0.079 

round 457, global 3shot acc: [head: 0.276, middle: 0.015, tail: 0.000] 

round 458, global test acc  0.079 

round 458, global 3shot acc: [head: 0.280, middle: 0.014, tail: 0.000] 

round 459, global test acc  0.078 

round 459, global 3shot acc: [head: 0.279, middle: 0.012, tail: 0.000] 

round 460, global test acc  0.079 

round 460, global 3shot acc: [head: 0.278, middle: 0.014, tail: 0.000] 

round 461, global test acc  0.081 

round 461, global 3shot acc: [head: 0.285, middle: 0.014, tail: 0.000] 

round 462, global test acc  0.079 

round 462, global 3shot acc: [head: 0.279, middle: 0.013, tail: 0.000] 

round 463, global test acc  0.076 

round 463, global 3shot acc: [head: 0.270, middle: 0.012, tail: 0.000] 

round 464, global test acc  0.078 

round 464, global 3shot acc: [head: 0.277, middle: 0.013, tail: 0.000] 

round 465, global test acc  0.079 

round 465, global 3shot acc: [head: 0.276, middle: 0.016, tail: 0.000] 

round 466, global test acc  0.079 

round 466, global 3shot acc: [head: 0.278, middle: 0.014, tail: 0.000] 

round 467, global test acc  0.077 

round 467, global 3shot acc: [head: 0.273, middle: 0.014, tail: 0.000] 

round 468, global test acc  0.078 

round 468, global 3shot acc: [head: 0.271, middle: 0.017, tail: 0.000] 

round 469, global test acc  0.079 

round 469, global 3shot acc: [head: 0.277, middle: 0.016, tail: 0.000] 

round 470, global test acc  0.079 

round 470, global 3shot acc: [head: 0.280, middle: 0.014, tail: 0.000] 

round 471, global test acc  0.078 

round 471, global 3shot acc: [head: 0.277, middle: 0.013, tail: 0.000] 

round 472, global test acc  0.078 

round 472, global 3shot acc: [head: 0.274, middle: 0.015, tail: 0.000] 

round 473, global test acc  0.079 

round 473, global 3shot acc: [head: 0.279, middle: 0.014, tail: 0.000] 

round 474, global test acc  0.080 

round 474, global 3shot acc: [head: 0.281, middle: 0.015, tail: 0.000] 

round 475, global test acc  0.079 

round 475, global 3shot acc: [head: 0.281, middle: 0.014, tail: 0.000] 

round 476, global test acc  0.078 

round 476, global 3shot acc: [head: 0.274, middle: 0.013, tail: 0.000] 

round 477, global test acc  0.079 

round 477, global 3shot acc: [head: 0.281, middle: 0.013, tail: 0.000] 

round 478, global test acc  0.078 

round 478, global 3shot acc: [head: 0.276, middle: 0.013, tail: 0.000] 

round 479, global test acc  0.078 

round 479, global 3shot acc: [head: 0.276, middle: 0.013, tail: 0.000] 

round 480, global test acc  0.080 

round 480, global 3shot acc: [head: 0.283, middle: 0.014, tail: 0.000] 

round 481, global test acc  0.078 

round 481, global 3shot acc: [head: 0.276, middle: 0.013, tail: 0.000] 

round 482, global test acc  0.077 

round 482, global 3shot acc: [head: 0.273, middle: 0.014, tail: 0.000] 

round 483, global test acc  0.078 

round 483, global 3shot acc: [head: 0.276, middle: 0.012, tail: 0.000] 

round 484, global test acc  0.079 

round 484, global 3shot acc: [head: 0.279, middle: 0.015, tail: 0.000] 

round 485, global test acc  0.079 

round 485, global 3shot acc: [head: 0.280, middle: 0.013, tail: 0.000] 

round 486, global test acc  0.076 

round 486, global 3shot acc: [head: 0.269, middle: 0.015, tail: 0.000] 

round 487, global test acc  0.078 

round 487, global 3shot acc: [head: 0.276, middle: 0.012, tail: 0.000] 

round 488, global test acc  0.079 

round 488, global 3shot acc: [head: 0.280, middle: 0.014, tail: 0.000] 

round 489, global test acc  0.079 

round 489, global 3shot acc: [head: 0.278, middle: 0.016, tail: 0.000] 

round 490, global test acc  0.078 

round 490, global 3shot acc: [head: 0.274, middle: 0.014, tail: 0.000] 

round 491, global test acc  0.079 

round 491, global 3shot acc: [head: 0.279, middle: 0.015, tail: 0.000] 

round 492, global test acc  0.076 

round 492, global 3shot acc: [head: 0.270, middle: 0.011, tail: 0.000] 

round 493, global test acc  0.080 

round 493, global 3shot acc: [head: 0.282, middle: 0.015, tail: 0.000] 

round 494, global test acc  0.078 

round 494, global 3shot acc: [head: 0.277, middle: 0.014, tail: 0.000] 

round 495, global test acc  0.078 

round 495, global 3shot acc: [head: 0.274, middle: 0.015, tail: 0.000] 

round 496, global test acc  0.076 

round 496, global 3shot acc: [head: 0.270, middle: 0.012, tail: 0.000] 

round 497, global test acc  0.079 

round 497, global 3shot acc: [head: 0.279, middle: 0.015, tail: 0.000] 

round 498, global test acc  0.079 

round 498, global 3shot acc: [head: 0.282, middle: 0.013, tail: 0.000] 

round 499, global test acc  0.078 

round 499, global 3shot acc: [head: 0.275, middle: 0.013, tail: 0.000] 

