nohup: ignoring input
./temp/fl_acc_cifar100_resnet34_cons_frac0.2_iidFalse_iter500_ep5_lr0.03_N20_100_seed1_p1_dirichlet0.5_IF0.01_LossCE.txt
Files already downloaded and verified
[500, 477, 455, 434, 415, 396, 378, 361, 344, 328, 314, 299, 286, 273, 260, 248, 237, 226, 216, 206, 197, 188, 179, 171, 163, 156, 149, 142, 135, 129, 123, 118, 112, 107, 102, 98, 93, 89, 85, 81, 77, 74, 70, 67, 64, 61, 58, 56, 53, 51, 48, 46, 44, 42, 40, 38, 36, 35, 33, 32, 30, 29, 27, 26, 25, 24, 23, 22, 21, 20, 19, 18, 17, 16, 15, 15, 14, 13, 13, 12, 12, 11, 11, 10, 10, 9, 9, 8, 8, 7, 7, 7, 6, 6, 6, 6, 5, 5, 5, 5]
10847
Files already downloaded and verified
Into non-iid sampling
clients_sizes:[695, 323, 520, 321, 491, 656, 709, 550, 527, 854, 408, 561, 640, 505, 688, 537, 513, 496, 460, 393]
training set distribution:
[[ 22  24  15  61   0   4  20   0   0   0  84   4  36  64  34  40   0   0
    2   4  22  12  12  13  22   1   5   0  10   0   1  20   3  37   4   0
    2  18   5   3   0  13   3   0   1  10   3   2   0   0   0   7   8   5
    0   3   1   0   3   1   2   0   0   0   0   1   0   1   1   1   1   1
    1   2   0   0   0   4   0   1   2   1   1   0   3   0   1   0   1   1
    1   0   1   0   0   0   1   1   0   1]
 [ 15   3  15   4   0   0   2   3   0   0  10   0   0   1   4   7   7   1
    0  16  34  33   6  14   2   7   1   2   2  11  17   1   2   0   3   0
    0   6   0   5   0   6  10   0   0   7   3   6   0   2   1   1   1   3
    7   0   6   1   7   1   0   1   0   2   1   2   0   0   3   0   0   1
    0   3   0   0   5   0   2   1   0   0   0   0   1   0   0   0   1   0
    0   0   2   1   0   0   0   0   1   0]
 [  2   1  44  65  37  22  20   1   0   8   5   2   1  56   0   3   4   0
   24  30   0   1  21   2  21   2   5  16  19   0   0   6   0   5   4   0
    9   0   0   1  13   0   8   2   1   1   0   6   1   4   0   7   7   0
    0   0   2   0  17   0   0   0   1   0   0   0   0   0   0   1   0   0
    0   1   2   2   0   0   0   0   0   0   0   0   1   0   0   0   0   1
    2   2   0   0   0   0   1   0   0   0]
 [ 13   3   0  14   4  11   4  26   6  55   0  10   5   0   0  21   1   7
    1   9   0   0   0   1   0   2   0   0   4   0   7  21   8   6   3   4
    0  14   0   5   1   3   4   6   3   4   1   0   0   0   3   1   2   4
    1   0   0   0   0   2   1   0   2   1   4   1   0   0   5   0   0   0
    0   0   0   0   1   0   0   0   3   0   1   1   0   0   0   0   0   0
    0   0   0   1   0   0   0   0   0   0]
 [ 51   4  20   0  36   8  19  10   0   4   1  23   6  20  19  15  43   0
   18  13   1   8   5   1  55   0   0   5   6   7   3   1   1   1   3   2
   14   0   1   0   1   1   0   0   1   2   6   4   4   9   1   3   2   1
    0   5   1   1   0   0   3   0   0   0   0   0   4   5   0   1   2   0
    0   1   0   1   0   0   0   0   0   3   0   0   0   0   0   0   0   0
    1   1   2   0   0   0   1   0   0   0]
 [  7  11  64   0   5  66   5  43  66  47  28   8  26   0   0   1  43  11
   12  13  10   2   0   0   0   7   8   5   0  28   2   7   6  11   0   8
    6   0   3   1  12   6   0   2   0   2   9   0   2   0   2   0   1   2
    0   0   6   4   0   0   1  12   8   2   0   0   0   0   0   0   0   0
    0   4   2   5   0   1   1   1   3   0   0   0   1   0   0   0   2   0
    0   0   0   0   0   3   1   1   0   0]
 [  1  17   6   1  32 105  31   0  18   0  52  42   1   0   0   0  16   1
   14  31  17   1  21  57   2  62   5   4   6   8  13  12   2   0  15  31
    7   0   8   9   0   0   1   0  11   0   0   1   6   3   0   1   1   0
    5   3   2   0   0   0   0   6   0   0   0   0   0   1   0   6   1   0
    1   0   1   0   1   0   0   0   1   2   4   1   0   0   0   0   0   0
    0   0   1   0   0   0   0   0   0   1]
 [  2 147   9   2   0   3   9  14   5   2   2   1  11   1  28   6  13  33
    8   0  11  12   2   0   2  19   0  16   0  17   5   6   8   5   9   8
    2   6   2  14   0   6   5   8   1   0   0   0   2  18   1   6   2   0
   10   7   0   2   0  10   0   1   2   0   0   4   0   2   1   0   2   4
    0   0   0   1   0   1   0   0   1   1   0   2   1   1   1   1   0   1
    2   0   0   1   1   0   0   0   1   0]
 [ 84  78   2   3   3  11  24   1  14  14   5  14   6  27   4   1   0  14
    4   5  13  19   6   3   0   9  29  12   1   0  22   6   2   0   2   0
    8   2   3   5   1   4   2   2   3   4   2   6  13   1   2   0   4   0
    0   0   2   0   0   0   0   1   0   0   4   0   1   1   7   0   3   1
    0   0   1   1   1   1   0   0   0   0   0   0   0   0   1   0   0   0
    0   1   0   0   0   0   0   0   1   0]
 [175  20 164   6  94   9  31   8   7   3   0   2  50  11   6  22  46   9
   13   9   2   1   1   5   5  23   7  14   9   0   3  12   0  20   9   0
    0   0   0   0   0   3   1   0   3   0   5   3   0   0   0   1   2   0
    2   0   0   1   0   0   3   1   2   0   1   7   0   1   0   3   1   4
    3   0   0   1   0   4   0   2   0   0   0   2   0   0   0   1   0   1
    0   0   0   0   0   0   0   0   0   0]
 [ 43   1   3  17   3   0  56  12   3  15   0  29   2   4  15   2   1   0
    2  50   0   9   0   1  17  11  12   1   0   6   4   0   9   0   0   3
    1   1   5  11  14   0   1   0   2   1   0  10   2   3   0   0   0   0
    4   3   3   3   1   0   0   0   0   0   0   0   0   0   0   0   5   0
    1   0   1   0   0   0   1   0   0   0   0   3   0   0   0   0   1   0
    0   0   0   0   0   0   0   0   0   0]
 [  6  12   0   1   4  66  40   0   5   3   2   9   0   1  43  14   0  84
    2   1  32  16   7   4  11   0   8   2   3  32  17   6   3   2  16   0
    1   1  14   0  15   1   1   0  16   0   4   0   1   1   0   1   2  16
    1   0   0   5   1   4   0   0   0   2   0   0   0   0   0   3   2   0
    0   1   1   0   2   0   1   3   0   1   1   0   0   1   1   0   1   1
    0   0   0   0   0   0   0   1   0   2]
 [ 16   0   7  49  58   0   5  36 121  22  18  96   4   1   3  17   5   5
    2   2   7   9  20   0   2   0   1  15   0   2   2   2   3   0  11   7
    0   1   0   3   0  11   5   0   5  20   5   4   0   0   7   0   2   2
    0   0   2   1   0   1   6   0   7   0   0   0   3   0   0   0   0   2
    0   0   0   0   0   1   0   0   0   0   0   0   0   1   0   0   0   0
    0   0   0   0   0   2   0   1   0   0]
 [  4   8   0  34  24  10   3  31   3   0   0   1  91  38  52   0   1  13
   13   3   0  19   1   7   1   0   4   7   3   1   0   1   8   6   7   0
    2  17   1   0   1   1   2   1   1   2   2   3   1   1  12   7   7   0
    2   3   3   2   0   2  11   1   0   0   8   0   1   0   0   0   2   0
    5   0   0   0   1   0   3   0   1   1   1   0   0   0   2   0   0   0
    0   0   0   1   0   0   0   0   0   0]
 [  7   3  78  70  10  19  39  73   1  41   3  16   1   3  44   0  25  23
    3   3   0   5  46  10   3   0   4   0   0   0   7   0  18  11   0   4
   29   1   3   0   9   2  13  16   6   0   0   4   0   0   3   0   0   0
    2   0   0   0   0   0   0   1   0   8   0   0   1   0   1   0   0   0
    1   0   3   1   0   0   1   0   0   0   0   0   0   2   3   5   0   2
    0   0   0   0   0   0   0   0   0   1]
 [ 23   0   8  58   7   0  16   9  35  62  39   4   4   0   0   2   6   0
   11   0   4   6   1  22   9   7  19  17  12  17   9   1   0   0   0  18
   11   0   4   7   0   6   8   0   0   6   4   0   2   4   2   1   0   0
    1   6   4   5   1   0   0   0   1   5   0   0  13   9   2   0   0   0
    0   3   1   0   0   0   0   1   0   0   0   0   0   0   0   1   2   0
    0   0   0   0   0   0   1   0   0   0]
 [ 12  12   1  28  56   0  12   0   0   0  28  18   1  12   0  82   1   4
   58  10  24  30   1  14   1   1   8   0   0   0   5   1  15   0   6   3
    1   0   1   0   1   6   3   1   5   0   0   2   0   0   1   0   0   0
    1   0   1   1   0  10   0   0   0   6   4   6   0   0   0   0   0   4
    4   1   2   0   0   0   1   1   0   0   1   0   1   0   0   0   0   0
    0   3   0   0   1   0   0   0   0   0]
 [ 12  44  15   0   8   1  22   0  17  52   2  18   9   2   0   7  21  15
   25   4  20   1  12   6   0   5  15  18   0   0   3   6  23   1   0   0
    0  18   0  15   7   3   3   7   0   0   1   0  11   5   1  10   1   7
    1   1   3   3   0   1   0   0   1   0   0   2   0   0   0   0   0   0
    0   0   0   1   0   0   0   0   1   1   0   0   0   4   0   0   0   0
    0   0   0   0   4   0   0   0   0   0]
 [  0  16   1  13   1  48  15  38  31   0  18   2  28  17   7   6   0   1
    0   2   0   2  11   6  10   0  10   7  48   0   3   6   1   0   6   6
    0   3  19   2   2   1   0  12   1   0   3   5   3   0   6   0   2   1
    1   7   0   3   0   0   0   5   0   0   3   0   0   2   0   1   0   0
    1   0   1   2   3   1   3   1   0   0   1   1   0   0   0   0   0   0
    0   0   0   2   0   1   0   0   1   0]
 [  5  73   3   8  33  13   5  56  12   0  17   0   4  15   1   2   4   5
    4   1   0   2   6   5   0   0   8   1  12   0   0   3   0   2   4   4
    0   1  16   0   0   1   0  10   4   2  10   0   5   0   6   0   0   1
    2   0   0   3   3   0   3   0   3   0   0   1   0   0   1   4   0   1
    0   0   0   0   0   0   0   1   0   1   1   0   2   0   0   0   0   0
    1   0   0   0   0   0   0   1   1   0]]
Total size of training set
10847
local test distribution:
[[ 20  22  13  56   0   3  18   0   0   0  77   3  33  59  31  36   0   0
    1   3  20  11  11  11  20   0   4   0   9   0   0  18   2  34   3   0
    1  16   4   2   0  11   2   0   0   9   2   1   0   0   0   6   7   4
    0   2   0   0   2   0   1   0   0   0   0   0   0   0   0   0   0   0
    0   1   0   0   0   3   0   0   1   0   0   0   2   0   0   0   0   0
    0   0   0   0   0   0   0   0   0   0]
 [ 13   2  13   3   0   0   1   2   0   0   9   0   0   0   3   6   6   0
    0  14  31  30   5  12   1   6   0   1   1  10  15   0   1   0   2   0
    0   5   0   4   0   5   9   0   0   6   2   5   0   1   0   0   0   2
    6   0   5   0   6   0   0   0   0   1   0   1   0   0   2   0   0   0
    0   2   0   0   4   0   1   0   0   0   0   0   0   0   0   0   0   0
    0   0   1   0   0   0   0   0   0   0]
 [  1   0  40  59  34  20  18   0   0   7   4   1   0  51   0   2   3   0
   22  27   0   0  19   1  19   1   4  14  17   0   0   5   0   4   3   0
    8   0   0   0  11   0   7   1   0   0   0   5   0   3   0   6   6   0
    0   0   1   0  15   0   0   0   0   0   0   0   0   0   0   0   0   0
    0   0   1   1   0   0   0   0   0   0   0   0   0   0   0   0   0   0
    1   1   0   0   0   0   0   0   0   0]
 [ 11   2   0  12   3  10   3  23   5  50   0   9   4   0   0  19   0   6
    0   8   0   0   0   0   0   1   0   0   3   0   6  19   7   5   2   3
    0  12   0   4   0   2   3   5   2   3   0   0   0   0   2   0   1   3
    0   0   0   0   0   1   0   0   1   0   3   0   0   0   4   0   0   0
    0   0   0   0   0   0   0   0   2   0   0   0   0   0   0   0   0   0
    0   0   0   0   0   0   0   0   0   0]
 [ 47   3  18   0  33   7  17   9   0   3   0  21   5  18  17  13  39   0
   16  11   0   7   4   0  50   0   0   4   5   6   2   0   0   0   2   1
   12   0   0   0   0   0   0   0   0   1   5   3   3   8   0   2   1   0
    0   4   0   0   0   0   2   0   0   0   0   0   3   4   0   0   1   0
    0   0   0   0   0   0   0   0   0   2   0   0   0   0   0   0   0   0
    0   0   1   0   0   0   0   0   0   0]
 [  6  10  59   0   4  60   4  39  60  43  25   7  23   0   0   0  39  10
   11  11   9   1   0   0   0   6   7   4   0  25   1   6   5  10   0   7
    5   0   2   0  11   5   0   1   0   1   8   0   1   0   1   0   0   1
    0   0   5   3   0   0   0  11   7   1   0   0   0   0   0   0   0   0
    0   3   1   4   0   0   0   0   2   0   0   0   0   0   0   0   1   0
    0   0   0   0   0   2   0   0   0   0]
 [  0  15   5   0  29  96  28   0  16   0  47  38   0   0   0   0  14   0
   12  28  15   0  19  52   1  57   4   3   5   7  11  11   1   0  13  28
    6   0   7   8   0   0   0   0  10   0   0   0   5   2   0   0   0   0
    4   2   1   0   0   0   0   5   0   0   0   0   0   0   0   5   0   0
    0   0   0   0   0   0   0   0   0   1   3   0   0   0   0   0   0   0
    0   0   0   0   0   0   0   0   0   0]
 [  1 135   8   1   0   2   8  12   4   1   1   0  10   0  25   5  11  30
    7   0  10  11   1   0   1  17   0  14   0  15   4   5   7   4   8   7
    1   5   1  12   0   5   4   7   0   0   0   0   1  16   0   5   1   0
    9   6   0   1   0   9   0   0   1   0   0   3   0   1   0   0   1   3
    0   0   0   0   0   0   0   0   0   0   0   1   0   0   0   0   0   0
    1   0   0   0   0   0   0   0   0   0]
 [ 77  71   1   2   2  10  22   0  12  12   4  12   5  24   3   0   0  12
    3   4  11  17   5   2   0   8  26  11   0   0  20   5   1   0   1   0
    7   1   2   4   0   3   1   1   2   3   1   5  11   0   1   0   3   0
    0   0   1   0   0   0   0   0   0   0   3   0   0   0   6   0   2   0
    0   0   0   0   0   0   0   0   0   0   0   0   0   0   0   0   0   0
    0   0   0   0   0   0   0   0   0   0]
 [161  18 151   5  86   8  28   7   6   2   0   1  46  10   5  20  42   8
   11   8   1   0   0   4   4  21   6  12   8   0   2  11   0  18   8   0
    0   0   0   0   0   2   0   0   2   0   4   2   0   0   0   0   1   0
    1   0   0   0   0   0   2   0   1   0   0   6   0   0   0   2   0   3
    2   0   0   0   0   3   0   1   0   0   0   1   0   0   0   0   0   0
    0   0   0   0   0   0   0   0   0   0]
 [ 39   0   2  15   2   0  51  11   2  13   0  26   1   3  13   1   0   0
    1  46   0   8   0   0  15  10  11   0   0   5   3   0   8   0   0   2
    0   0   4  10  12   0   0   0   1   0   0   9   1   2   0   0   0   0
    3   2   2   2   0   0   0   0   0   0   0   0   0   0   0   0   4   0
    0   0   0   0   0   0   0   0   0   0   0   2   0   0   0   0   0   0
    0   0   0   0   0   0   0   0   0   0]
 [  5  11   0   0   3  60  36   0   4   2   1   8   0   0  39  12   0  77
    1   0  29  14   6   3  10   0   7   1   2  29  15   5   2   1  14   0
    0   0  12   0  13   0   0   0  14   0   3   0   0   0   0   0   1  14
    0   0   0   4   0   3   0   0   0   1   0   0   0   0   0   2   1   0
    0   0   0   0   1   0   0   2   0   0   0   0   0   0   0   0   0   0
    0   0   0   0   0   0   0   0   0   1]
 [ 14   0   6  45  53   0   4  33 111  20  16  88   3   0   2  15   4   4
    1   1   6   8  18   0   1   0   0  13   0   1   1   1   2   0  10   6
    0   0   0   2   0  10   4   0   4  18   4   3   0   0   6   0   1   1
    0   0   1   0   0   0   5   0   6   0   0   0   2   0   0   0   0   1
    0   0   0   0   0   0   0   0   0   0   0   0   0   0   0   0   0   0
    0   0   0   0   0   1   0   0   0   0]
 [  3   7   0  31  22   9   2  28   2   0   0   0  83  35  47   0   0  11
   11   2   0  17   0   6   0   0   3   6   2   0   0   0   7   5   6   0
    1  15   0   0   0   0   1   0   0   1   1   2   0   0  11   6   6   0
    1   2   2   1   0   1  10   0   0   0   7   0   0   0   0   0   1   0
    4   0   0   0   0   0   2   0   0   0   0   0   0   0   1   0   0   0
    0   0   0   0   0   0   0   0   0   0]
 [  6   2  71  64   9  17  35  67   0  37   2  14   0   2  40   0  23  21
    2   2   0   4  42   9   2   0   3   0   0   0   6   0  16  10   0   3
   26   0   2   0   8   1  11  14   5   0   0   3   0   0   2   0   0   0
    1   0   0   0   0   0   0   0   0   7   0   0   0   0   0   0   0   0
    0   0   2   0   0   0   0   0   0   0   0   0   0   1   2   4   0   1
    0   0   0   0   0   0   0   0   0   0]
 [ 21   0   7  53   6   0  14   8  32  57  35   3   3   0   0   1   5   0
   10   0   3   5   0  20   8   6  17  15  11  15   8   0   0   0   0  16
   10   0   3   6   0   5   7   0   0   5   3   0   1   3   1   0   0   0
    0   5   3   4   0   0   0   0   0   4   0   0  11   8   1   0   0   0
    0   2   0   0   0   0   0   0   0   0   0   0   0   0   0   0   1   0
    0   0   0   0   0   0   0   0   0   0]
 [ 11  11   0  25  51   0  11   0   0   0  25  16   0  11   0  75   0   3
   53   9  22  27   0  12   0   0   7   0   0   0   4   0  13   0   5   2
    0   0   0   0   0   5   2   0   4   0   0   1   0   0   0   0   0   0
    0   0   0   0   0   9   0   0   0   5   3   5   0   0   0   0   0   3
    3   0   1   0   0   0   0   0   0   0   0   0   0   0   0   0   0   0
    0   2   0   0   0   0   0   0   0   0]
 [ 11  40  13   0   7   0  20   0  15  47   1  16   8   1   0   6  19  13
   23   3  18   0  11   5   0   4  13  16   0   0   2   5  21   0   0   0
    0  16   0  13   6   2   2   6   0   0   0   0  10   4   0   9   0   6
    0   0   2   2   0   0   0   0   0   0   0   1   0   0   0   0   0   0
    0   0   0   0   0   0   0   0   0   0   0   0   0   3   0   0   0   0
    0   0   0   0   3   0   0   0   0   0]
 [  0  14   0  11   0  44  13  35  28   0  16   1  25  15   6   5   0   0
    0   1   0   1  10   5   9   0   9   6  44   0   2   5   0   0   5   5
    0   2  17   1   1   0   0  11   0   0   2   4   2   0   5   0   1   0
    0   6   0   2   0   0   0   4   0   0   2   0   0   1   0   0   0   0
    0   0   0   1   2   0   2   0   0   0   0   0   0   0   0   0   0   0
    0   0   0   1   0   0   0   0   0   0]
 [  4  67   2   7  30  11   4  51  11   0  15   0   3  13   0   1   3   4
    3   0   0   1   5   4   0   0   7   0  11   0   0   2   0   1   3   3
    0   0  14   0   0   0   0   9   3   1   9   0   4   0   5   0   0   0
    1   0   0   2   2   0   2   0   2   0   0   0   0   0   0   3   0   0
    0   0   0   0   0   0   0   0   0   0   0   0   1   0   0   0   0   0
    0   0   0   0   0   0   0   0   0   0]]
Total size of testing set
9208
[451 430 409 389 374 357 337 325 308 294 278 264 252 242 231 217 208 199
 188 178 175 162 156 146 141 137 128 120 118 113 102  98  93  92  85  83
  77  72  68  66  62  56  53  55  47  48  44  43  39  39  34  34  29  31
  26  29  23  21  25  23  22  20  18  19  18  16  16  14  13  12  10  10
   9   8   5   6   7   6   5   3   5   3   3   4   3   4   3   4   2   1
   2   3   2   1   3   3   0   0   0   1]
20
round 0, global test acc  0.013 

round 0, global 3shot acc: [head: 0.047, middle: 0.000, tail: 0.000] 

round 1, global test acc  0.026 

round 1, global 3shot acc: [head: 0.096, middle: 0.000, tail: 0.000] 

round 2, global test acc  0.032 

round 2, global 3shot acc: [head: 0.119, middle: 0.000, tail: 0.000] 

round 3, global test acc  0.033 

round 3, global 3shot acc: [head: 0.121, middle: 0.000, tail: 0.000] 

round 4, global test acc  0.040 

round 4, global 3shot acc: [head: 0.137, middle: 0.012, tail: 0.000] 

round 5, global test acc  0.041 

round 5, global 3shot acc: [head: 0.153, middle: 0.000, tail: 0.000] 

round 6, global test acc  0.042 

round 6, global 3shot acc: [head: 0.137, middle: 0.017, tail: 0.000] 

round 7, global test acc  0.043 

round 7, global 3shot acc: [head: 0.148, middle: 0.010, tail: 0.000] 

